{"/home/travis/build/npmtest/node-npmtest-bus.io/test.js":{"path":"/home/travis/build/npmtest/node-npmtest-bus.io/test.js","s":{"1":2,"2":2,"3":2,"4":2,"5":2,"6":2,"7":2,"8":1,"9":2,"10":2,"11":1,"12":1,"13":1,"14":1,"15":2,"16":2,"17":2,"18":2,"19":1,"20":1,"21":2,"22":2,"23":2,"24":1,"25":1,"26":1,"27":1,"28":1,"29":1,"30":1,"31":1,"32":1,"33":1,"34":1,"35":1,"36":1,"37":1,"38":1,"39":2,"40":2,"41":1,"42":2,"43":2,"44":1,"45":2,"46":2,"47":1,"48":2,"49":2,"50":1,"51":1,"52":1,"53":1,"54":1},"b":{"1":[2,1,1,1],"2":[1,1,1,1],"3":[1,1],"4":[1,1],"5":[1,1],"6":[1,1],"7":[1,1],"8":[1,1],"9":[1,1],"10":[1,1,1],"11":[1,1],"12":[1,1],"13":[1,1],"14":[1,1],"15":[1,1],"16":[1,1],"17":[1,1]},"f":{"1":2,"2":2,"3":2,"4":2,"5":2,"6":1,"7":1,"8":1,"9":2,"10":2,"11":2,"12":2,"13":1},"fnMap":{"1":{"name":"(anonymous_1)","line":12,"loc":{"start":{"line":12,"column":1},"end":{"line":12,"column":13}}},"2":{"name":"(anonymous_2)","line":19,"loc":{"start":{"line":19,"column":5},"end":{"line":19,"column":17}}},"3":{"name":"(anonymous_3)","line":23,"loc":{"start":{"line":23,"column":24},"end":{"line":23,"column":36}}},"4":{"name":"(anonymous_4)","line":61,"loc":{"start":{"line":61,"column":5},"end":{"line":61,"column":17}}},"5":{"name":"(anonymous_5)","line":82,"loc":{"start":{"line":82,"column":5},"end":{"line":82,"column":17}}},"6":{"name":"(anonymous_6)","line":91,"loc":{"start":{"line":91,"column":77},"end":{"line":94,"column":10}}},"7":{"name":"(anonymous_7)","line":112,"loc":{"start":{"line":112,"column":83},"end":{"line":115,"column":10}},"skip":true},"8":{"name":"(anonymous_8)","line":123,"loc":{"start":{"line":123,"column":77},"end":{"line":126,"column":10}},"skip":true},"9":{"name":"(anonymous_9)","line":139,"loc":{"start":{"line":139,"column":12},"end":{"line":139,"column":40}},"skip":true},"10":{"name":"(anonymous_10)","line":147,"loc":{"start":{"line":147,"column":77},"end":{"line":150,"column":10}},"skip":true},"11":{"name":"(anonymous_11)","line":158,"loc":{"start":{"line":158,"column":83},"end":{"line":161,"column":10}},"skip":true},"12":{"name":"(anonymous_12)","line":169,"loc":{"start":{"line":169,"column":79},"end":{"line":172,"column":10}},"skip":true},"13":{"name":"(anonymous_13)","line":180,"loc":{"start":{"line":180,"column":75},"end":{"line":183,"column":10}},"skip":true}},"statementMap":{"1":{"start":{"line":12,"column":0},"end":{"line":195,"column":5}},"2":{"start":{"line":14,"column":4},"end":{"line":14,"column":14}},"3":{"start":{"line":19,"column":4},"end":{"line":56,"column":9}},"4":{"start":{"line":21,"column":8},"end":{"line":21,"column":19}},"5":{"start":{"line":23,"column":8},"end":{"line":35,"column":13}},"6":{"start":{"line":24,"column":12},"end":{"line":34,"column":13}},"7":{"start":{"line":25,"column":16},"end":{"line":28,"column":30}},"8":{"start":{"line":30,"column":16},"end":{"line":33,"column":27}},"9":{"start":{"line":37,"column":8},"end":{"line":39,"column":21}},"10":{"start":{"line":40,"column":8},"end":{"line":53,"column":9}},"11":{"start":{"line":43,"column":12},"end":{"line":46,"column":14}},"12":{"start":{"line":47,"column":12},"end":{"line":47,"column":18}},"13":{"start":{"line":50,"column":12},"end":{"line":51,"column":33}},"14":{"start":{"line":52,"column":12},"end":{"line":52,"column":18}},"15":{"start":{"line":55,"column":8},"end":{"line":55,"column":35}},"16":{"start":{"line":61,"column":4},"end":{"line":63,"column":9}},"17":{"start":{"line":62,"column":8},"end":{"line":62,"column":15}},"18":{"start":{"line":64,"column":4},"end":{"line":77,"column":5}},"19":{"start":{"line":70,"column":8},"end":{"line":70,"column":14}},"20":{"start":{"line":76,"column":8},"end":{"line":76,"column":14}},"21":{"start":{"line":82,"column":4},"end":{"line":84,"column":9}},"22":{"start":{"line":83,"column":8},"end":{"line":83,"column":15}},"23":{"start":{"line":85,"column":4},"end":{"line":194,"column":5}},"24":{"start":{"line":91,"column":8},"end":{"line":99,"column":10}},"25":{"start":{"line":98,"column":12},"end":{"line":98,"column":35}},"26":{"start":{"line":102,"column":8},"end":{"line":104,"column":63}},"27":{"start":{"line":105,"column":8},"end":{"line":105,"column":14}},"28":{"start":{"line":112,"column":8},"end":{"line":121,"column":10},"skip":true},"29":{"start":{"line":119,"column":12},"end":{"line":119,"column":55},"skip":true},"30":{"start":{"line":120,"column":12},"end":{"line":120,"column":48},"skip":true},"31":{"start":{"line":123,"column":8},"end":{"line":136,"column":10},"skip":true},"32":{"start":{"line":130,"column":12},"end":{"line":130,"column":76},"skip":true},"33":{"start":{"line":131,"column":12},"end":{"line":131,"column":73},"skip":true},"34":{"start":{"line":132,"column":12},"end":{"line":132,"column":74},"skip":true},"35":{"start":{"line":133,"column":12},"end":{"line":133,"column":79},"skip":true},"36":{"start":{"line":134,"column":12},"end":{"line":134,"column":25},"skip":true},"37":{"start":{"line":135,"column":12},"end":{"line":135,"column":45},"skip":true},"38":{"start":{"line":138,"column":8},"end":{"line":145,"column":14},"skip":true},"39":{"start":{"line":143,"column":16},"end":{"line":143,"column":29},"skip":true},"40":{"start":{"line":144,"column":16},"end":{"line":144,"column":55},"skip":true},"41":{"start":{"line":147,"column":8},"end":{"line":156,"column":10},"skip":true},"42":{"start":{"line":154,"column":12},"end":{"line":154,"column":25},"skip":true},"43":{"start":{"line":155,"column":12},"end":{"line":155,"column":45},"skip":true},"44":{"start":{"line":158,"column":8},"end":{"line":167,"column":10},"skip":true},"45":{"start":{"line":165,"column":12},"end":{"line":165,"column":25},"skip":true},"46":{"start":{"line":166,"column":12},"end":{"line":166,"column":48},"skip":true},"47":{"start":{"line":169,"column":8},"end":{"line":178,"column":10},"skip":true},"48":{"start":{"line":176,"column":12},"end":{"line":176,"column":25},"skip":true},"49":{"start":{"line":177,"column":12},"end":{"line":177,"column":46},"skip":true},"50":{"start":{"line":180,"column":8},"end":{"line":189,"column":10},"skip":true},"51":{"start":{"line":187,"column":12},"end":{"line":187,"column":94},"skip":true},"52":{"start":{"line":188,"column":12},"end":{"line":188,"column":48},"skip":true},"53":{"start":{"line":192,"column":8},"end":{"line":192,"column":35},"skip":true},"54":{"start":{"line":193,"column":8},"end":{"line":193,"column":14},"skip":true}},"branchMap":{"1":{"line":25,"type":"binary-expr","locations":[{"start":{"line":25,"column":23},"end":{"line":25,"column":62}},{"start":{"line":26,"column":20},"end":{"line":26,"column":70}},{"start":{"line":27,"column":20},"end":{"line":27,"column":71}},{"start":{"line":28,"column":20},"end":{"line":28,"column":29}}]},"2":{"line":30,"type":"binary-expr","locations":[{"start":{"line":30,"column":23},"end":{"line":30,"column":37}},{"start":{"line":31,"column":20},"end":{"line":31,"column":61}},{"start":{"line":32,"column":20},"end":{"line":32,"column":70}},{"start":{"line":33,"column":20},"end":{"line":33,"column":26}}]},"3":{"line":37,"type":"cond-expr","locations":[{"start":{"line":38,"column":14},"end":{"line":38,"column":20}},{"start":{"line":39,"column":14},"end":{"line":39,"column":20}}]},"4":{"line":40,"type":"switch","locations":[{"start":{"line":42,"column":8},"end":{"line":47,"column":18}},{"start":{"line":49,"column":8},"end":{"line":52,"column":18}}]},"5":{"line":44,"type":"binary-expr","locations":[{"start":{"line":44,"column":16},"end":{"line":44,"column":44}},{"start":{"line":44,"column":48},"end":{"line":44,"column":66}}]},"6":{"line":50,"type":"binary-expr","locations":[{"start":{"line":50,"column":21},"end":{"line":50,"column":49}},{"start":{"line":50,"column":53},"end":{"line":50,"column":72}}]},"7":{"line":64,"type":"switch","locations":[{"start":{"line":69,"column":4},"end":{"line":70,"column":14}},{"start":{"line":75,"column":4},"end":{"line":76,"column":14}}]},"8":{"line":85,"type":"switch","locations":[{"start":{"line":90,"column":4},"end":{"line":105,"column":14}},{"start":{"line":111,"column":4},"end":{"line":193,"column":14},"skip":true}]},"9":{"line":91,"type":"binary-expr","locations":[{"start":{"line":91,"column":42},"end":{"line":91,"column":73}},{"start":{"line":91,"column":77},"end":{"line":99,"column":9}}]},"10":{"line":102,"type":"binary-expr","locations":[{"start":{"line":102,"column":18},"end":{"line":102,"column":32}},{"start":{"line":103,"column":12},"end":{"line":103,"column":53}},{"start":{"line":104,"column":12},"end":{"line":104,"column":61}}]},"11":{"line":112,"type":"binary-expr","locations":[{"start":{"line":112,"column":45},"end":{"line":112,"column":79},"skip":true},{"start":{"line":112,"column":83},"end":{"line":121,"column":9},"skip":true}]},"12":{"line":123,"type":"binary-expr","locations":[{"start":{"line":123,"column":42},"end":{"line":123,"column":73},"skip":true},{"start":{"line":123,"column":77},"end":{"line":136,"column":9},"skip":true}]},"13":{"line":138,"type":"binary-expr","locations":[{"start":{"line":138,"column":48},"end":{"line":138,"column":85},"skip":true},{"start":{"line":139,"column":12},"end":{"line":145,"column":13},"skip":true}]},"14":{"line":147,"type":"binary-expr","locations":[{"start":{"line":147,"column":42},"end":{"line":147,"column":73},"skip":true},{"start":{"line":147,"column":77},"end":{"line":156,"column":9},"skip":true}]},"15":{"line":158,"type":"binary-expr","locations":[{"start":{"line":158,"column":45},"end":{"line":158,"column":79},"skip":true},{"start":{"line":158,"column":83},"end":{"line":167,"column":9},"skip":true}]},"16":{"line":169,"type":"binary-expr","locations":[{"start":{"line":169,"column":43},"end":{"line":169,"column":75},"skip":true},{"start":{"line":169,"column":79},"end":{"line":178,"column":9},"skip":true}]},"17":{"line":180,"type":"binary-expr","locations":[{"start":{"line":180,"column":41},"end":{"line":180,"column":71},"skip":true},{"start":{"line":180,"column":75},"end":{"line":189,"column":9},"skip":true}]}},"code":["/* istanbul instrument in package npmtest_bus_io */","/*jslint","    bitwise: true,","    browser: true,","    maxerr: 8,","    maxlen: 96,","    node: true,","    nomen: true,","    regexp: true,","    stupid: true","*/","(function () {","    'use strict';","    var local;","","","","    // run shared js-env code - init-before","    (function () {","        // init local","        local = {};","        // init modeJs","        local.modeJs = (function () {","            try {","                return typeof navigator.userAgent === 'string' &&","                    typeof document.querySelector('body') === 'object' &&","                    typeof XMLHttpRequest.prototype.open === 'function' &&","                    'browser';","            } catch (errorCaughtBrowser) {","                return module.exports &&","                    typeof process.versions.node === 'string' &&","                    typeof require('http').createServer === 'function' &&","                    'node';","            }","        }());","        // init global","        local.global = local.modeJs === 'browser'","            ? window","            : global;","        switch (local.modeJs) {","        // re-init local from window.local","        case 'browser':","            local = local.global.utility2.objectSetDefault(","                local.global.utility2_rollup || local.global.local,","                local.global.utility2","            );","            break;","        // re-init local from example.js","        case 'node':","            local = (local.global.utility2_rollup || require('utility2'))","                .requireReadme();","            break;","        }","        // export local","        local.global.local = local;","    }());","","","","    // run shared js-env code - function","    (function () {","        return;","    }());","    switch (local.modeJs) {","","","","    // run browser js-env code - function","    case 'browser':","        break;","","","","    // run node js-env code - function","    case 'node':","        break;","    }","","","","    // run shared js-env code - init-after","    (function () {","        return;","    }());","    switch (local.modeJs) {","","","","    // run browser js-env code - init-after","    case 'browser':","        local.testCase_browser_nullCase = local.testCase_browser_nullCase || function (","            options,","            onError","        ) {","        /*","         * this function will test browsers's null-case handling-behavior-behavior","         */","            onError(null, options);","        };","","        // run tests","        local.nop(local.modeTest &&","            document.querySelector('#testRunButton1') &&","            document.querySelector('#testRunButton1').click());","        break;","","","","    // run node js-env code - init-after","    /* istanbul ignore next */","    case 'node':","        local.testCase_buildApidoc_default = local.testCase_buildApidoc_default || function (","            options,","            onError","        ) {","        /*","         * this function will test buildApidoc's default handling-behavior-behavior","         */","            options = { modulePathList: module.paths };","            local.buildApidoc(options, onError);","        };","","        local.testCase_buildApp_default = local.testCase_buildApp_default || function (","            options,","            onError","        ) {","        /*","         * this function will test buildApp's default handling-behavior-behavior","         */","            local.testCase_buildReadme_default(options, local.onErrorThrow);","            local.testCase_buildLib_default(options, local.onErrorThrow);","            local.testCase_buildTest_default(options, local.onErrorThrow);","            local.testCase_buildCustomOrg_default(options, local.onErrorThrow);","            options = [];","            local.buildApp(options, onError);","        };","","        local.testCase_buildCustomOrg_default = local.testCase_buildCustomOrg_default ||","            function (options, onError) {","            /*","             * this function will test buildCustomOrg's default handling-behavior","             */","                options = {};","                local.buildCustomOrg(options, onError);","            };","","        local.testCase_buildLib_default = local.testCase_buildLib_default || function (","            options,","            onError","        ) {","        /*","         * this function will test buildLib's default handling-behavior","         */","            options = {};","            local.buildLib(options, onError);","        };","","        local.testCase_buildReadme_default = local.testCase_buildReadme_default || function (","            options,","            onError","        ) {","        /*","         * this function will test buildReadme's default handling-behavior-behavior","         */","            options = {};","            local.buildReadme(options, onError);","        };","","        local.testCase_buildTest_default = local.testCase_buildTest_default || function (","            options,","            onError","        ) {","        /*","         * this function will test buildTest's default handling-behavior","         */","            options = {};","            local.buildTest(options, onError);","        };","","        local.testCase_webpage_default = local.testCase_webpage_default || function (","            options,","            onError","        ) {","        /*","         * this function will test webpage's default handling-behavior","         */","            options = { modeCoverageMerge: true, url: local.serverLocalHost + '?modeTest=1' };","            local.browserTest(options, onError);","        };","","        // run test-server","        local.testRunServer(local);","        break;","    }","}());",""],"l":{"12":2,"14":2,"19":2,"21":2,"23":2,"24":2,"25":2,"30":1,"37":2,"40":2,"43":1,"47":1,"50":1,"52":1,"55":2,"61":2,"62":2,"64":2,"70":1,"76":1,"82":2,"83":2,"85":2,"91":1,"98":1,"102":1,"105":1,"112":1,"119":1,"120":1,"123":1,"130":1,"131":1,"132":1,"133":1,"134":1,"135":1,"138":1,"143":2,"144":2,"147":1,"154":2,"155":2,"158":1,"165":2,"166":2,"169":1,"176":2,"177":2,"180":1,"187":1,"188":1,"192":1,"193":1}},"/home/travis/build/npmtest/node-npmtest-bus.io/lib.npmtest_bus.io.js":{"path":"/home/travis/build/npmtest/node-npmtest-bus.io/lib.npmtest_bus.io.js","s":{"1":2,"2":2,"3":2,"4":2,"5":2,"6":2,"7":2,"8":1,"9":2,"10":2,"11":2,"12":2,"13":1,"14":1,"15":1,"16":1},"b":{"1":[2,1,1,1],"2":[1,1,1,1],"3":[1,1],"4":[2,2],"5":[1,1]},"f":{"1":2,"2":2,"3":2},"fnMap":{"1":{"name":"(anonymous_1)","line":12,"loc":{"start":{"line":12,"column":1},"end":{"line":12,"column":13}}},"2":{"name":"(anonymous_2)","line":19,"loc":{"start":{"line":19,"column":5},"end":{"line":19,"column":17}}},"3":{"name":"(anonymous_3)","line":23,"loc":{"start":{"line":23,"column":24},"end":{"line":23,"column":36}}}},"statementMap":{"1":{"start":{"line":12,"column":0},"end":{"line":53,"column":5}},"2":{"start":{"line":14,"column":4},"end":{"line":14,"column":14}},"3":{"start":{"line":19,"column":4},"end":{"line":52,"column":9}},"4":{"start":{"line":21,"column":8},"end":{"line":21,"column":19}},"5":{"start":{"line":23,"column":8},"end":{"line":35,"column":13}},"6":{"start":{"line":24,"column":12},"end":{"line":34,"column":13}},"7":{"start":{"line":25,"column":16},"end":{"line":28,"column":30}},"8":{"start":{"line":30,"column":16},"end":{"line":33,"column":27}},"9":{"start":{"line":37,"column":8},"end":{"line":39,"column":21}},"10":{"start":{"line":41,"column":8},"end":{"line":41,"column":54}},"11":{"start":{"line":43,"column":8},"end":{"line":43,"column":51}},"12":{"start":{"line":45,"column":8},"end":{"line":51,"column":9}},"13":{"start":{"line":46,"column":12},"end":{"line":46,"column":57}},"14":{"start":{"line":48,"column":12},"end":{"line":48,"column":35}},"15":{"start":{"line":49,"column":12},"end":{"line":49,"column":49}},"16":{"start":{"line":50,"column":12},"end":{"line":50,"column":43}}},"branchMap":{"1":{"line":25,"type":"binary-expr","locations":[{"start":{"line":25,"column":23},"end":{"line":25,"column":62}},{"start":{"line":26,"column":20},"end":{"line":26,"column":70}},{"start":{"line":27,"column":20},"end":{"line":27,"column":71}},{"start":{"line":28,"column":20},"end":{"line":28,"column":29}}]},"2":{"line":30,"type":"binary-expr","locations":[{"start":{"line":30,"column":23},"end":{"line":30,"column":37}},{"start":{"line":31,"column":20},"end":{"line":31,"column":61}},{"start":{"line":32,"column":20},"end":{"line":32,"column":70}},{"start":{"line":33,"column":20},"end":{"line":33,"column":26}}]},"3":{"line":37,"type":"cond-expr","locations":[{"start":{"line":38,"column":14},"end":{"line":38,"column":20}},{"start":{"line":39,"column":14},"end":{"line":39,"column":20}}]},"4":{"line":41,"type":"binary-expr","locations":[{"start":{"line":41,"column":16},"end":{"line":41,"column":44}},{"start":{"line":41,"column":48},"end":{"line":41,"column":53}}]},"5":{"line":45,"type":"if","locations":[{"start":{"line":45,"column":8},"end":{"line":45,"column":8}},{"start":{"line":45,"column":8},"end":{"line":45,"column":8}}]}},"code":["/* istanbul instrument in package npmtest_bus_io */","/*jslint","    bitwise: true,","    browser: true,","    maxerr: 8,","    maxlen: 96,","    node: true,","    nomen: true,","    regexp: true,","    stupid: true","*/","(function () {","    'use strict';","    var local;","","","","    // run shared js-env code - init-before","    (function () {","        // init local","        local = {};","        // init modeJs","        local.modeJs = (function () {","            try {","                return typeof navigator.userAgent === 'string' &&","                    typeof document.querySelector('body') === 'object' &&","                    typeof XMLHttpRequest.prototype.open === 'function' &&","                    'browser';","            } catch (errorCaughtBrowser) {","                return module.exports &&","                    typeof process.versions.node === 'string' &&","                    typeof require('http').createServer === 'function' &&","                    'node';","            }","        }());","        // init global","        local.global = local.modeJs === 'browser'","            ? window","            : global;","        // init utility2_rollup","        local = local.global.utility2_rollup || local;","        // init lib","        local.local = local.npmtest_bus_io = local;","        // init exports","        if (local.modeJs === 'browser') {","            local.global.utility2_npmtest_bus_io = local;","        } else {","            module.exports = local;","            module.exports.__dirname = __dirname;","            module.exports.module = module;","        }","    }());","}());",""],"l":{"12":2,"14":2,"19":2,"21":2,"23":2,"24":2,"25":2,"30":1,"37":2,"41":2,"43":2,"45":2,"46":1,"48":1,"49":1,"50":1}},"/home/travis/build/npmtest/node-npmtest-bus.io/example.js":{"path":"/home/travis/build/npmtest/node-npmtest-bus.io/example.js","s":{"1":2,"2":2,"3":2,"4":2,"5":2,"6":2,"7":2,"8":1,"9":2,"10":2,"11":2,"12":2,"13":1,"14":2,"15":2,"16":2,"17":2,"18":2,"19":0,"20":2,"21":1,"22":1,"23":1,"24":1,"25":1,"26":0,"27":0,"28":1,"29":1,"30":2,"31":0,"32":0,"33":0,"34":1,"35":2,"36":2,"37":3,"38":3,"39":3,"40":3,"41":0,"42":3,"43":3,"44":3,"45":1,"46":3,"47":1,"48":1,"49":1,"50":1,"51":1,"52":1,"53":1,"54":1,"55":1,"56":1,"57":0,"58":1,"59":6,"60":6,"61":1,"62":2,"63":0,"64":2,"65":1,"66":1,"67":0,"68":0,"69":0,"70":0,"71":0,"72":0,"73":0,"74":0,"75":0,"76":0,"77":0,"78":0,"79":0,"80":0,"81":0,"82":0,"83":0},"b":{"1":[2,1,1,1],"2":[1,1,1,1],"3":[1,1],"4":[2,2],"5":[1,1],"6":[1,1],"7":[2,0],"8":[2,1,1,1,1,1],"9":[0,2,0],"10":[1,1],"11":[2,1,1],"12":[1,0],"13":[0,2],"14":[2,0,0,0,0,0,0],"15":[0,3],"16":[3,0],"17":[1,1],"18":[0,1],"19":[1,2,0,2],"20":[1,0],"21":[1,1],"22":[0,0],"23":[0,0],"24":[0,0],"25":[0,0],"26":[0,0],"27":[0,0],"28":[0,0]},"f":{"1":2,"2":2,"3":2,"4":2,"5":2,"6":2,"7":3,"8":3,"9":3,"10":1,"11":6,"12":0},"fnMap":{"1":{"name":"(anonymous_1)","line":26,"loc":{"start":{"line":26,"column":1},"end":{"line":26,"column":13}}},"2":{"name":"(anonymous_2)","line":33,"loc":{"start":{"line":33,"column":5},"end":{"line":33,"column":17}}},"3":{"name":"(anonymous_3)","line":37,"loc":{"start":{"line":37,"column":24},"end":{"line":37,"column":36}}},"4":{"name":"(anonymous_4)","line":69,"loc":{"start":{"line":69,"column":31},"end":{"line":69,"column":48}},"skip":true},"5":{"name":"(anonymous_5)","line":78,"loc":{"start":{"line":78,"column":26},"end":{"line":78,"column":45}},"skip":true},"6":{"name":"(anonymous_6)","line":123,"loc":{"start":{"line":123,"column":33},"end":{"line":123,"column":48}},"skip":true},"7":{"name":"(anonymous_7)","line":125,"loc":{"start":{"line":125,"column":27},"end":{"line":125,"column":39}},"skip":true},"8":{"name":"(anonymous_8)","line":133,"loc":{"start":{"line":133,"column":59},"end":{"line":133,"column":74}},"skip":true},"9":{"name":"(anonymous_9)","line":143,"loc":{"start":{"line":143,"column":45},"end":{"line":143,"column":62}},"skip":true},"10":{"name":"(anonymous_10)","line":144,"loc":{"start":{"line":144,"column":73},"end":{"line":144,"column":92}},"skip":true},"11":{"name":"(anonymous_11)","line":272,"loc":{"start":{"line":272,"column":51},"end":{"line":272,"column":77}},"skip":true},"12":{"name":"(anonymous_12)","line":315,"loc":{"start":{"line":315,"column":32},"end":{"line":315,"column":61}},"skip":true}},"statementMap":{"1":{"start":{"line":26,"column":0},"end":{"line":326,"column":5}},"2":{"start":{"line":28,"column":4},"end":{"line":28,"column":14}},"3":{"start":{"line":33,"column":4},"end":{"line":60,"column":9}},"4":{"start":{"line":35,"column":8},"end":{"line":35,"column":19}},"5":{"start":{"line":37,"column":8},"end":{"line":49,"column":13}},"6":{"start":{"line":38,"column":12},"end":{"line":48,"column":13}},"7":{"start":{"line":39,"column":16},"end":{"line":42,"column":30}},"8":{"start":{"line":44,"column":16},"end":{"line":47,"column":27}},"9":{"start":{"line":51,"column":8},"end":{"line":53,"column":21}},"10":{"start":{"line":55,"column":8},"end":{"line":57,"column":45}},"11":{"start":{"line":59,"column":8},"end":{"line":59,"column":35}},"12":{"start":{"line":61,"column":4},"end":{"line":325,"column":5}},"13":{"start":{"line":69,"column":8},"end":{"line":121,"column":10},"skip":true},"14":{"start":{"line":70,"column":12},"end":{"line":88,"column":13},"skip":true},"15":{"start":{"line":76,"column":16},"end":{"line":87,"column":19},"skip":true},"16":{"start":{"line":79,"column":20},"end":{"line":86,"column":21},"skip":true},"17":{"start":{"line":82,"column":24},"end":{"line":82,"column":43},"skip":true},"18":{"start":{"line":83,"column":24},"end":{"line":83,"column":30},"skip":true},"19":{"start":{"line":85,"column":24},"end":{"line":85,"column":49},"skip":true},"20":{"start":{"line":89,"column":12},"end":{"line":107,"column":13},"skip":true},"21":{"start":{"line":92,"column":16},"end":{"line":102,"column":17},"skip":true},"22":{"start":{"line":93,"column":20},"end":{"line":93,"column":86},"skip":true},"23":{"start":{"line":94,"column":20},"end":{"line":95,"column":45},"skip":true},"24":{"start":{"line":96,"column":20},"end":{"line":96,"column":42},"skip":true},"25":{"start":{"line":97,"column":20},"end":{"line":97,"column":48},"skip":true},"26":{"start":{"line":100,"column":20},"end":{"line":100,"column":85},"skip":true},"27":{"start":{"line":101,"column":20},"end":{"line":101,"column":96},"skip":true},"28":{"start":{"line":103,"column":16},"end":{"line":103,"column":22},"skip":true},"29":{"start":{"line":106,"column":16},"end":{"line":106,"column":22},"skip":true},"30":{"start":{"line":108,"column":12},"end":{"line":120,"column":13},"skip":true},"31":{"start":{"line":114,"column":16},"end":{"line":119,"column":17},"skip":true},"32":{"start":{"line":116,"column":20},"end":{"line":116,"column":78},"skip":true},"33":{"start":{"line":118,"column":20},"end":{"line":118,"column":47},"skip":true},"34":{"start":{"line":123,"column":8},"end":{"line":141,"column":11},"skip":true},"35":{"start":{"line":124,"column":12},"end":{"line":124,"column":54},"skip":true},"36":{"start":{"line":125,"column":12},"end":{"line":140,"column":14},"skip":true},"37":{"start":{"line":126,"column":16},"end":{"line":126,"column":28},"skip":true},"38":{"start":{"line":127,"column":16},"end":{"line":127,"column":69},"skip":true},"39":{"start":{"line":128,"column":16},"end":{"line":128,"column":75},"skip":true},"40":{"start":{"line":129,"column":16},"end":{"line":131,"column":17},"skip":true},"41":{"start":{"line":130,"column":20},"end":{"line":130,"column":27},"skip":true},"42":{"start":{"line":133,"column":16},"end":{"line":137,"column":36},"skip":true},"43":{"start":{"line":134,"column":20},"end":{"line":136,"column":55},"skip":true},"44":{"start":{"line":139,"column":16},"end":{"line":139,"column":57},"skip":true},"45":{"start":{"line":143,"column":8},"end":{"line":147,"column":11},"skip":true},"46":{"start":{"line":144,"column":12},"end":{"line":146,"column":15},"skip":true},"47":{"start":{"line":145,"column":16},"end":{"line":145,"column":70},"skip":true},"48":{"start":{"line":149,"column":8},"end":{"line":149,"column":31},"skip":true},"49":{"start":{"line":150,"column":8},"end":{"line":150,"column":14},"skip":true},"50":{"start":{"line":158,"column":8},"end":{"line":158,"column":31},"skip":true},"51":{"start":{"line":160,"column":8},"end":{"line":160,"column":33},"skip":true},"52":{"start":{"line":161,"column":8},"end":{"line":161,"column":37},"skip":true},"53":{"start":{"line":162,"column":8},"end":{"line":162,"column":35},"skip":true},"54":{"start":{"line":164,"column":8},"end":{"line":164,"column":50},"skip":true},"55":{"start":{"line":166,"column":8},"end":{"line":256,"column":2},"skip":true},"56":{"start":{"line":258,"column":8},"end":{"line":286,"column":9},"skip":true},"57":{"start":{"line":259,"column":12},"end":{"line":269,"column":14},"skip":true},"58":{"start":{"line":271,"column":12},"end":{"line":285,"column":19},"skip":true},"59":{"start":{"line":274,"column":20},"end":{"line":274,"column":35},"skip":true},"60":{"start":{"line":275,"column":20},"end":{"line":284,"column":21},"skip":true},"61":{"start":{"line":277,"column":24},"end":{"line":277,"column":64},"skip":true},"62":{"start":{"line":279,"column":24},"end":{"line":279,"column":40},"skip":true},"63":{"start":{"line":281,"column":24},"end":{"line":281,"column":40},"skip":true},"64":{"start":{"line":283,"column":24},"end":{"line":283,"column":39},"skip":true},"65":{"start":{"line":288,"column":8},"end":{"line":290,"column":9},"skip":true},"66":{"start":{"line":289,"column":12},"end":{"line":289,"column":18},"skip":true},"67":{"start":{"line":291,"column":8},"end":{"line":293,"column":54},"skip":true},"68":{"start":{"line":296,"column":8},"end":{"line":301,"column":37},"skip":true},"69":{"start":{"line":303,"column":8},"end":{"line":303,"column":82},"skip":true},"70":{"start":{"line":306,"column":8},"end":{"line":308,"column":9},"skip":true},"71":{"start":{"line":307,"column":12},"end":{"line":307,"column":82},"skip":true},"72":{"start":{"line":310,"column":8},"end":{"line":312,"column":9},"skip":true},"73":{"start":{"line":311,"column":12},"end":{"line":311,"column":18},"skip":true},"74":{"start":{"line":313,"column":8},"end":{"line":313,"column":54},"skip":true},"75":{"start":{"line":314,"column":8},"end":{"line":314,"column":69},"skip":true},"76":{"start":{"line":315,"column":8},"end":{"line":323,"column":36},"skip":true},"77":{"start":{"line":316,"column":12},"end":{"line":316,"column":61},"skip":true},"78":{"start":{"line":317,"column":12},"end":{"line":320,"column":13},"skip":true},"79":{"start":{"line":318,"column":16},"end":{"line":318,"column":75},"skip":true},"80":{"start":{"line":319,"column":16},"end":{"line":319,"column":23},"skip":true},"81":{"start":{"line":321,"column":12},"end":{"line":321,"column":38},"skip":true},"82":{"start":{"line":322,"column":12},"end":{"line":322,"column":27},"skip":true},"83":{"start":{"line":324,"column":8},"end":{"line":324,"column":14},"skip":true}},"branchMap":{"1":{"line":39,"type":"binary-expr","locations":[{"start":{"line":39,"column":23},"end":{"line":39,"column":62}},{"start":{"line":40,"column":20},"end":{"line":40,"column":70}},{"start":{"line":41,"column":20},"end":{"line":41,"column":71}},{"start":{"line":42,"column":20},"end":{"line":42,"column":29}}]},"2":{"line":44,"type":"binary-expr","locations":[{"start":{"line":44,"column":23},"end":{"line":44,"column":37}},{"start":{"line":45,"column":20},"end":{"line":45,"column":61}},{"start":{"line":46,"column":20},"end":{"line":46,"column":70}},{"start":{"line":47,"column":20},"end":{"line":47,"column":26}}]},"3":{"line":51,"type":"cond-expr","locations":[{"start":{"line":52,"column":14},"end":{"line":52,"column":20}},{"start":{"line":53,"column":14},"end":{"line":53,"column":20}}]},"4":{"line":55,"type":"binary-expr","locations":[{"start":{"line":55,"column":16},"end":{"line":55,"column":44}},{"start":{"line":55,"column":49},"end":{"line":57,"column":43}}]},"5":{"line":55,"type":"cond-expr","locations":[{"start":{"line":56,"column":14},"end":{"line":56,"column":50}},{"start":{"line":57,"column":14},"end":{"line":57,"column":43}}]},"6":{"line":61,"type":"switch","locations":[{"start":{"line":68,"column":4},"end":{"line":150,"column":14},"skip":true},{"start":{"line":156,"column":4},"end":{"line":324,"column":14},"skip":true}]},"7":{"line":70,"type":"if","locations":[{"start":{"line":70,"column":12},"end":{"line":70,"column":12},"skip":true},{"start":{"line":70,"column":12},"end":{"line":70,"column":12},"skip":true}]},"8":{"line":70,"type":"binary-expr","locations":[{"start":{"line":70,"column":16},"end":{"line":70,"column":22},"skip":true},{"start":{"line":70,"column":27},"end":{"line":70,"column":32},"skip":true},{"start":{"line":71,"column":20},"end":{"line":71,"column":39},"skip":true},{"start":{"line":72,"column":20},"end":{"line":72,"column":49},"skip":true},{"start":{"line":73,"column":20},"end":{"line":73,"column":58},"skip":true},{"start":{"line":74,"column":20},"end":{"line":74,"column":69},"skip":true}]},"9":{"line":79,"type":"switch","locations":[{"start":{"line":80,"column":20},"end":{"line":80,"column":33},"skip":true},{"start":{"line":81,"column":20},"end":{"line":83,"column":30},"skip":true},{"start":{"line":84,"column":20},"end":{"line":85,"column":49},"skip":true}]},"10":{"line":89,"type":"switch","locations":[{"start":{"line":90,"column":12},"end":{"line":103,"column":22},"skip":true},{"start":{"line":105,"column":12},"end":{"line":106,"column":22},"skip":true}]},"11":{"line":89,"type":"binary-expr","locations":[{"start":{"line":89,"column":20},"end":{"line":89,"column":25},"skip":true},{"start":{"line":89,"column":29},"end":{"line":89,"column":48},"skip":true},{"start":{"line":89,"column":52},"end":{"line":89,"column":74},"skip":true}]},"12":{"line":92,"type":"if","locations":[{"start":{"line":92,"column":16},"end":{"line":92,"column":16},"skip":true},{"start":{"line":92,"column":16},"end":{"line":92,"column":16},"skip":true}]},"13":{"line":108,"type":"if","locations":[{"start":{"line":108,"column":12},"end":{"line":108,"column":12},"skip":true},{"start":{"line":108,"column":12},"end":{"line":108,"column":12},"skip":true}]},"14":{"line":108,"type":"binary-expr","locations":[{"start":{"line":108,"column":16},"end":{"line":108,"column":61},"skip":true},{"start":{"line":108,"column":66},"end":{"line":108,"column":72},"skip":true},{"start":{"line":108,"column":77},"end":{"line":108,"column":82},"skip":true},{"start":{"line":109,"column":20},"end":{"line":109,"column":39},"skip":true},{"start":{"line":110,"column":20},"end":{"line":110,"column":49},"skip":true},{"start":{"line":111,"column":20},"end":{"line":111,"column":58},"skip":true},{"start":{"line":112,"column":20},"end":{"line":112,"column":68},"skip":true}]},"15":{"line":129,"type":"if","locations":[{"start":{"line":129,"column":16},"end":{"line":129,"column":16},"skip":true},{"start":{"line":129,"column":16},"end":{"line":129,"column":16},"skip":true}]},"16":{"line":134,"type":"cond-expr","locations":[{"start":{"line":135,"column":26},"end":{"line":135,"column":29},"skip":true},{"start":{"line":136,"column":26},"end":{"line":136,"column":54},"skip":true}]},"17":{"line":164,"type":"binary-expr","locations":[{"start":{"line":164,"column":27},"end":{"line":164,"column":43},"skip":true},{"start":{"line":164,"column":47},"end":{"line":164,"column":49},"skip":true}]},"18":{"line":258,"type":"if","locations":[{"start":{"line":258,"column":8},"end":{"line":258,"column":8},"skip":true},{"start":{"line":258,"column":8},"end":{"line":258,"column":8},"skip":true}]},"19":{"line":275,"type":"switch","locations":[{"start":{"line":276,"column":20},"end":{"line":277,"column":64},"skip":true},{"start":{"line":278,"column":20},"end":{"line":279,"column":40},"skip":true},{"start":{"line":280,"column":20},"end":{"line":281,"column":40},"skip":true},{"start":{"line":282,"column":20},"end":{"line":283,"column":39},"skip":true}]},"20":{"line":288,"type":"if","locations":[{"start":{"line":288,"column":8},"end":{"line":288,"column":8},"skip":true},{"start":{"line":288,"column":8},"end":{"line":288,"column":8},"skip":true}]},"21":{"line":288,"type":"binary-expr","locations":[{"start":{"line":288,"column":12},"end":{"line":288,"column":40},"skip":true},{"start":{"line":288,"column":44},"end":{"line":288,"column":67},"skip":true}]},"22":{"line":292,"type":"binary-expr","locations":[{"start":{"line":292,"column":12},"end":{"line":292,"column":50},"skip":true},{"start":{"line":293,"column":12},"end":{"line":293,"column":53},"skip":true}]},"23":{"line":297,"type":"binary-expr","locations":[{"start":{"line":297,"column":12},"end":{"line":297,"column":64},"skip":true},{"start":{"line":298,"column":12},"end":{"line":301,"column":36},"skip":true}]},"24":{"line":303,"type":"binary-expr","locations":[{"start":{"line":303,"column":43},"end":{"line":303,"column":75},"skip":true},{"start":{"line":303,"column":79},"end":{"line":303,"column":81},"skip":true}]},"25":{"line":306,"type":"if","locations":[{"start":{"line":306,"column":8},"end":{"line":306,"column":8},"skip":true},{"start":{"line":306,"column":8},"end":{"line":306,"column":8},"skip":true}]},"26":{"line":310,"type":"if","locations":[{"start":{"line":310,"column":8},"end":{"line":310,"column":8},"skip":true},{"start":{"line":310,"column":8},"end":{"line":310,"column":8},"skip":true}]},"27":{"line":313,"type":"binary-expr","locations":[{"start":{"line":313,"column":27},"end":{"line":313,"column":43},"skip":true},{"start":{"line":313,"column":47},"end":{"line":313,"column":53},"skip":true}]},"28":{"line":317,"type":"if","locations":[{"start":{"line":317,"column":12},"end":{"line":317,"column":12},"skip":true},{"start":{"line":317,"column":12},"end":{"line":317,"column":12},"skip":true}]}},"code":["/*","example.js","","quickstart example","","instruction","    1. save this script as example.js","    2. run the shell command:","        $ npm install npmtest-bus.io && PORT=8081 node example.js","    3. play with the browser-demo on http://127.0.0.1:8081","*/","","","","/* istanbul instrument in package npmtest_bus_io */","/*jslint","    bitwise: true,","    browser: true,","    maxerr: 8,","    maxlen: 96,","    node: true,","    nomen: true,","    regexp: true,","    stupid: true","*/","(function () {","    'use strict';","    var local;","","","","    // run shared js-env code - init-before","    (function () {","        // init local","        local = {};","        // init modeJs","        local.modeJs = (function () {","            try {","                return typeof navigator.userAgent === 'string' &&","                    typeof document.querySelector('body') === 'object' &&","                    typeof XMLHttpRequest.prototype.open === 'function' &&","                    'browser';","            } catch (errorCaughtBrowser) {","                return module.exports &&","                    typeof process.versions.node === 'string' &&","                    typeof require('http').createServer === 'function' &&","                    'node';","            }","        }());","        // init global","        local.global = local.modeJs === 'browser'","            ? window","            : global;","        // init utility2_rollup","        local = local.global.utility2_rollup || (local.modeJs === 'browser'","            ? local.global.utility2_npmtest_bus_io","            : global.utility2_moduleExports);","        // export local","        local.global.local = local;","    }());","    switch (local.modeJs) {","","","","    // init-after","    // run browser js-env code - init-after","    /* istanbul ignore next */","    case 'browser':","        local.testRunBrowser = function (event) {","            if (!event || (event &&","                    event.currentTarget &&","                    event.currentTarget.className &&","                    event.currentTarget.className.includes &&","                    event.currentTarget.className.includes('onreset'))) {","                // reset output","                Array.from(","                    document.querySelectorAll('body > .resettable')","                ).forEach(function (element) {","                    switch (element.tagName) {","                    case 'INPUT':","                    case 'TEXTAREA':","                        element.value = '';","                        break;","                    default:","                        element.textContent = '';","                    }","                });","            }","            switch (event && event.currentTarget && event.currentTarget.id) {","            case 'testRunButton1':","                // show tests","                if (document.querySelector('#testReportDiv1').style.display === 'none') {","                    document.querySelector('#testReportDiv1').style.display = 'block';","                    document.querySelector('#testRunButton1').textContent =","                        'hide internal test';","                    local.modeTest = true;","                    local.testRunDefault(local);","                // hide tests","                } else {","                    document.querySelector('#testReportDiv1').style.display = 'none';","                    document.querySelector('#testRunButton1').textContent = 'run internal test';","                }","                break;","            // custom-case","            default:","                break;","            }","            if (document.querySelector('#inputTextareaEval1') && (!event || (event &&","                    event.currentTarget &&","                    event.currentTarget.className &&","                    event.currentTarget.className.includes &&","                    event.currentTarget.className.includes('oneval')))) {","                // try to eval input-code","                try {","                    /*jslint evil: true*/","                    eval(document.querySelector('#inputTextareaEval1').value);","                } catch (errorCaught) {","                    console.error(errorCaught);","                }","            }","        };","        // log stderr and stdout to #outputTextareaStdout1","        ['error', 'log'].forEach(function (key) {","            console[key + '_original'] = console[key];","            console[key] = function () {","                var element;","                console[key + '_original'].apply(console, arguments);","                element = document.querySelector('#outputTextareaStdout1');","                if (!element) {","                    return;","                }","                // append text to #outputTextareaStdout1","                element.value += Array.from(arguments).map(function (arg) {","                    return typeof arg === 'string'","                        ? arg","                        : JSON.stringify(arg, null, 4);","                }).join(' ') + '\\n';","                // scroll textarea to bottom","                element.scrollTop = element.scrollHeight;","            };","        });","        // init event-handling","        ['change', 'click', 'keyup'].forEach(function (event) {","            Array.from(document.querySelectorAll('.on' + event)).forEach(function (element) {","                element.addEventListener(event, local.testRunBrowser);","            });","        });","        // run tests","        local.testRunBrowser();","        break;","","","","    // run node js-env code - init-after","    /* istanbul ignore next */","    case 'node':","        // export local","        module.exports = local;","        // require modules","        local.fs = require('fs');","        local.http = require('http');","        local.url = require('url');","        // init assets","        local.assetsDict = local.assetsDict || {};","        /* jslint-ignore-begin */","        local.assetsDict['/assets.index.template.html'] = '\\","<!doctype html>\\n\\","<html lang=\"en\">\\n\\","<head>\\n\\","<meta charset=\"UTF-8\">\\n\\","<meta name=\"viewport\" content=\"width=device-width, initial-scale=1\">\\n\\","<title>{{env.npm_package_name}} (v{{env.npm_package_version}})</title>\\n\\","<style>\\n\\","/*csslint\\n\\","    box-sizing: false,\\n\\","    universal-selector: false\\n\\","*/\\n\\","* {\\n\\","    box-sizing: border-box;\\n\\","}\\n\\","body {\\n\\","    background: #dde;\\n\\","    font-family: Arial, Helvetica, sans-serif;\\n\\","    margin: 2rem;\\n\\","}\\n\\","body > * {\\n\\","    margin-bottom: 1rem;\\n\\","}\\n\\",".utility2FooterDiv {\\n\\","    margin-top: 20px;\\n\\","    text-align: center;\\n\\","}\\n\\","</style>\\n\\","<style>\\n\\","/*csslint\\n\\","*/\\n\\","textarea {\\n\\","    font-family: monospace;\\n\\","    height: 10rem;\\n\\","    width: 100%;\\n\\","}\\n\\","textarea[readonly] {\\n\\","    background: #ddd;\\n\\","}\\n\\","</style>\\n\\","</head>\\n\\","<body>\\n\\","<!-- utility2-comment\\n\\","<div id=\"ajaxProgressDiv1\" style=\"background: #d00; height: 2px; left: 0; margin: 0; padding: 0; position: fixed; top: 0; transition: background 0.5s, width 1.5s; width: 25%;\"></div>\\n\\","utility2-comment -->\\n\\","<h1>\\n\\","<!-- utility2-comment\\n\\","    <a\\n\\","        {{#if env.npm_package_homepage}}\\n\\","        href=\"{{env.npm_package_homepage}}\"\\n\\","        {{/if env.npm_package_homepage}}\\n\\","        target=\"_blank\"\\n\\","    >\\n\\","utility2-comment -->\\n\\","        {{env.npm_package_name}} (v{{env.npm_package_version}})\\n\\","<!-- utility2-comment\\n\\","    </a>\\n\\","utility2-comment -->\\n\\","</h1>\\n\\","<h3>{{env.npm_package_description}}</h3>\\n\\","<!-- utility2-comment\\n\\","<h4><a download href=\"assets.app.js\">download standalone app</a></h4>\\n\\","<button class=\"onclick onreset\" id=\"testRunButton1\">run internal test</button><br>\\n\\","<div id=\"testReportDiv1\" style=\"display: none;\"></div>\\n\\","utility2-comment -->\\n\\","\\n\\","\\n\\","\\n\\","<label>stderr and stdout</label>\\n\\","<textarea class=\"resettable\" id=\"outputTextareaStdout1\" readonly></textarea>\\n\\","<!-- utility2-comment\\n\\","{{#if isRollup}}\\n\\","<script src=\"assets.app.js\"></script>\\n\\","{{#unless isRollup}}\\n\\","utility2-comment -->\\n\\","<script src=\"assets.utility2.rollup.js\"></script>\\n\\","<script src=\"jsonp.utility2._stateInit?callback=window.utility2._stateInit\"></script>\\n\\","<script src=\"assets.npmtest_bus_io.rollup.js\"></script>\\n\\","<script src=\"assets.example.js\"></script>\\n\\","<script src=\"assets.test.js\"></script>\\n\\","<!-- utility2-comment\\n\\","{{/if isRollup}}\\n\\","utility2-comment -->\\n\\","<div class=\"utility2FooterDiv\">\\n\\","    [ this app was created with\\n\\","    <a href=\"https://github.com/kaizhu256/node-utility2\" target=\"_blank\">utility2</a>\\n\\","    ]\\n\\","</div>\\n\\","</body>\\n\\","</html>\\n\\","';","        /* jslint-ignore-end */","        if (local.templateRender) {","            local.assetsDict['/'] = local.templateRender(","                local.assetsDict['/assets.index.template.html'],","                {","                    env: local.objectSetDefault(local.env, {","                        npm_package_description: 'the greatest app in the world!',","                        npm_package_name: 'my-app',","                        npm_package_nameAlias: 'my_app',","                        npm_package_version: '0.0.1'","                    })","                }","            );","        } else {","            local.assetsDict['/'] = local.assetsDict['/assets.index.template.html']","                .replace((/\\{\\{env\\.(\\w+?)\\}\\}/g), function (match0, match1) {","                    // jslint-hack","                    String(match0);","                    switch (match1) {","                    case 'npm_package_description':","                        return 'the greatest app in the world!';","                    case 'npm_package_name':","                        return 'my-app';","                    case 'npm_package_nameAlias':","                        return 'my_app';","                    case 'npm_package_version':","                        return '0.0.1';","                    }","                });","        }","        // run the cli","        if (local.global.utility2_rollup || module !== require.main) {","            break;","        }","        local.assetsDict['/assets.example.js'] =","            local.assetsDict['/assets.example.js'] ||","            local.fs.readFileSync(__filename, 'utf8');","        // bug-workaround - long $npm_package_buildCustomOrg","        /* jslint-ignore-begin */","        local.assetsDict['/assets.npmtest_bus_io.rollup.js'] =","            local.assetsDict['/assets.npmtest_bus_io.rollup.js'] ||","            local.fs.readFileSync(","                local.npmtest_bus_io.__dirname + '/lib.npmtest_bus_io.js',","                'utf8'","            ).replace((/^#!/), '//');","        /* jslint-ignore-end */","        local.assetsDict['/favicon.ico'] = local.assetsDict['/favicon.ico'] || '';","        // if $npm_config_timeout_exit exists,","        // then exit this process after $npm_config_timeout_exit ms","        if (Number(process.env.npm_config_timeout_exit)) {","            setTimeout(process.exit, Number(process.env.npm_config_timeout_exit));","        }","        // start server","        if (local.global.utility2_serverHttp1) {","            break;","        }","        process.env.PORT = process.env.PORT || '8081';","        console.error('server starting on port ' + process.env.PORT);","        local.http.createServer(function (request, response) {","            request.urlParsed = local.url.parse(request.url);","            if (local.assetsDict[request.urlParsed.pathname] !== undefined) {","                response.end(local.assetsDict[request.urlParsed.pathname]);","                return;","            }","            response.statusCode = 404;","            response.end();","        }).listen(process.env.PORT);","        break;","    }","}());",""],"l":{"26":2,"28":2,"33":2,"35":2,"37":2,"38":2,"39":2,"44":1,"51":2,"55":2,"59":2,"61":2,"69":1,"70":2,"76":2,"79":2,"82":2,"83":2,"85":1,"89":2,"92":1,"93":1,"94":1,"96":1,"97":1,"100":1,"101":1,"103":1,"106":1,"108":2,"114":1,"116":1,"118":1,"123":1,"124":2,"125":2,"126":3,"127":3,"128":3,"129":3,"130":1,"133":3,"134":3,"139":3,"143":1,"144":3,"145":1,"149":1,"150":1,"158":1,"160":1,"161":1,"162":1,"164":1,"166":1,"258":1,"259":1,"271":1,"274":6,"275":6,"277":1,"279":2,"281":1,"283":2,"288":1,"289":1,"291":1,"296":1,"303":1,"306":1,"307":1,"310":1,"311":1,"313":1,"314":1,"315":1,"316":1,"317":1,"318":1,"319":1,"321":1,"322":1,"324":1}},"/home/travis/build/npmtest/node-npmtest-bus.io/node_modules/bus.io/index.js":{"path":"/home/travis/build/npmtest/node-npmtest-bus.io/node_modules/bus.io/index.js","s":{"1":2},"b":{},"f":{},"fnMap":{},"statementMap":{"1":{"start":{"line":1,"column":0},"end":{"line":1,"column":34}}},"branchMap":{},"code":["module.exports = require('./lib');",""],"l":{"1":2}},"/home/travis/build/npmtest/node-npmtest-bus.io/node_modules/bus.io/lib/index.js":{"path":"/home/travis/build/npmtest/node-npmtest-bus.io/node_modules/bus.io/lib/index.js","s":{"1":2,"2":0,"3":0,"4":0,"5":0,"6":0,"7":0,"8":0,"9":0,"10":1,"11":0,"12":0,"13":0,"14":0,"15":0,"16":0,"17":0,"18":0,"19":0,"20":0,"21":0,"22":0,"23":0,"24":0,"25":0,"26":1,"27":0,"28":0,"29":0,"30":0,"31":0,"32":0,"33":0,"34":0,"35":0,"36":0,"37":0,"38":0,"39":0,"40":0,"41":0,"42":0,"43":0,"44":0,"45":0,"46":0,"47":0,"48":0,"49":0,"50":0,"51":0,"52":0,"53":0,"54":0,"55":0,"56":0,"57":0,"58":0,"59":0,"60":0,"61":0,"62":0,"63":0,"64":0,"65":0,"66":0,"67":0,"68":0,"69":0,"70":0,"71":0,"72":0,"73":0,"74":0,"75":0,"76":0,"77":0,"78":0,"79":0,"80":0,"81":0,"82":0,"83":0,"84":0,"85":0,"86":0,"87":0,"88":0,"89":0,"90":0,"91":0,"92":0,"93":0,"94":0,"95":0,"96":0,"97":0,"98":0,"99":0,"100":0,"101":0,"102":0,"103":0,"104":0,"105":0,"106":0,"107":0,"108":0,"109":0,"110":0,"111":0,"112":0,"113":0,"114":0,"115":0,"116":0,"117":0,"118":0,"119":0,"120":0,"121":0,"122":0,"123":0,"124":0,"125":0,"126":0,"127":0,"128":0,"129":0,"130":0,"131":0,"132":0,"133":0,"134":0,"135":0,"136":0,"137":0,"138":0,"139":0,"140":0,"141":0,"142":0,"143":0,"144":0,"145":0,"146":0,"147":0,"148":0,"149":0,"150":0,"151":0,"152":0,"153":0,"154":0,"155":0,"156":0,"157":0,"158":0,"159":0,"160":0,"161":0,"162":0,"163":0,"164":0,"165":0,"166":0,"167":0,"168":0,"169":0,"170":0,"171":0,"172":0,"173":0,"174":0,"175":0,"176":0,"177":0,"178":0,"179":0,"180":0,"181":0,"182":0,"183":0,"184":0,"185":0,"186":0,"187":0,"188":0,"189":0,"190":0,"191":0,"192":0,"193":0,"194":0,"195":0,"196":0,"197":0,"198":0,"199":0,"200":0,"201":0,"202":0,"203":0,"204":0,"205":0,"206":0,"207":0,"208":0,"209":0,"210":0,"211":0,"212":0,"213":0,"214":0,"215":0,"216":0,"217":0,"218":0,"219":0,"220":0,"221":0,"222":0,"223":0,"224":0,"225":0,"226":0,"227":0,"228":0,"229":0,"230":0,"231":0,"232":0,"233":0,"234":0,"235":0,"236":0,"237":0,"238":0,"239":0,"240":0,"241":0,"242":0,"243":0,"244":0,"245":0,"246":0,"247":0,"248":0,"249":0,"250":0,"251":0,"252":0,"253":0,"254":0,"255":0,"256":0,"257":0,"258":0,"259":0,"260":0,"261":0,"262":0,"263":0,"264":0,"265":0,"266":0,"267":0,"268":0,"269":0,"270":0,"271":0,"272":0,"273":0,"274":0,"275":0,"276":0,"277":0,"278":0,"279":0,"280":0,"281":0,"282":0,"283":0,"284":0,"285":0,"286":0,"287":0,"288":0,"289":0,"290":0,"291":0,"292":0,"293":0,"294":0,"295":0,"296":0,"297":0,"298":0,"299":0,"300":0,"301":0,"302":0,"303":0,"304":0,"305":0,"306":0},"b":{"1":[0,0],"2":[0,0],"3":[0,0],"4":[0,0],"5":[0,0],"6":[0,0],"7":[0,0],"8":[0,0],"9":[0,0],"10":[0,0],"11":[0,0],"12":[0,0],"13":[0,0],"14":[0,0],"15":[0,0],"16":[0,0],"17":[0,0],"18":[0,0],"19":[0,0],"20":[0,0],"21":[0,0],"22":[0,0],"23":[0,0],"24":[0,0],"25":[0,0],"26":[0,0],"27":[0,0],"28":[0,0],"29":[0,0],"30":[0,0],"31":[0,0],"32":[0,0],"33":[0,0],"34":[0,0],"35":[0,0],"36":[0,0],"37":[0,0],"38":[0,0],"39":[0,0],"40":[0,0],"41":[0,0],"42":[0,0],"43":[0,0],"44":[0,0],"45":[0,0],"46":[0,0],"47":[0,0],"48":[0,0],"49":[0,0],"50":[0,0],"51":[0,0],"52":[0,0],"53":[0,0],"54":[0,0],"55":[0,0],"56":[0,0],"57":[0,0],"58":[0,0],"59":[0,0],"60":[0,0],"61":[0,0],"62":[0,0],"63":[0,0],"64":[0,0],"65":[0,0],"66":[0,0],"67":[0,0],"68":[0,0],"69":[0,0]},"f":{"1":0,"2":0,"3":0,"4":0,"5":0,"6":0,"7":0,"8":0,"9":0,"10":0,"11":0,"12":0,"13":0,"14":0,"15":0,"16":0,"17":0,"18":0,"19":0,"20":0,"21":0,"22":0,"23":0,"24":0,"25":0,"26":0,"27":0,"28":0,"29":0,"30":0,"31":0,"32":0,"33":0,"34":0,"35":0,"36":0,"37":0,"38":0,"39":0,"40":0,"41":0,"42":0,"43":0},"fnMap":{"1":{"name":"Server","line":36,"loc":{"start":{"line":36,"column":0},"end":{"line":36,"column":23}}},"2":{"name":"(anonymous_2)","line":60,"loc":{"start":{"line":60,"column":19},"end":{"line":60,"column":38}}},"3":{"name":"(anonymous_3)","line":74,"loc":{"start":{"line":74,"column":22},"end":{"line":74,"column":40}}},"4":{"name":"handle","line":78,"loc":{"start":{"line":78,"column":4},"end":{"line":78,"column":30}}},"5":{"name":"(anonymous_5)","line":83,"loc":{"start":{"line":83,"column":34},"end":{"line":83,"column":56}}},"6":{"name":"(anonymous_6)","line":86,"loc":{"start":{"line":86,"column":47},"end":{"line":86,"column":71}}},"7":{"name":"(anonymous_7)","line":90,"loc":{"start":{"line":90,"column":30},"end":{"line":90,"column":42}}},"8":{"name":"(anonymous_8)","line":91,"loc":{"start":{"line":91,"column":51},"end":{"line":91,"column":75}}},"9":{"name":"(anonymous_9)","line":114,"loc":{"start":{"line":114,"column":19},"end":{"line":114,"column":46}}},"10":{"name":"(anonymous_10)","line":134,"loc":{"start":{"line":134,"column":26},"end":{"line":134,"column":53}}},"11":{"name":"(anonymous_11)","line":158,"loc":{"start":{"line":158,"column":26},"end":{"line":158,"column":53}}},"12":{"name":"(anonymous_12)","line":171,"loc":{"start":{"line":171,"column":25},"end":{"line":171,"column":44}}},"13":{"name":"(anonymous_13)","line":183,"loc":{"start":{"line":183,"column":17},"end":{"line":183,"column":29}}},"14":{"name":"(anonymous_14)","line":215,"loc":{"start":{"line":215,"column":26},"end":{"line":215,"column":42}}},"15":{"name":"(anonymous_15)","line":216,"loc":{"start":{"line":216,"column":15},"end":{"line":216,"column":33}}},"16":{"name":"(anonymous_16)","line":218,"loc":{"start":{"line":218,"column":27},"end":{"line":218,"column":47}}},"17":{"name":"(anonymous_17)","line":225,"loc":{"start":{"line":225,"column":25},"end":{"line":225,"column":45}}},"18":{"name":"(anonymous_18)","line":289,"loc":{"start":{"line":289,"column":27},"end":{"line":289,"column":43}}},"19":{"name":"(anonymous_19)","line":316,"loc":{"start":{"line":316,"column":28},"end":{"line":316,"column":48}}},"20":{"name":"(anonymous_20)","line":348,"loc":{"start":{"line":348,"column":28},"end":{"line":348,"column":48}}},"21":{"name":"(anonymous_21)","line":382,"loc":{"start":{"line":382,"column":22},"end":{"line":382,"column":36}}},"22":{"name":"(anonymous_22)","line":412,"loc":{"start":{"line":412,"column":22},"end":{"line":412,"column":34}}},"23":{"name":"(anonymous_23)","line":429,"loc":{"start":{"line":429,"column":25},"end":{"line":429,"column":37}}},"24":{"name":"(anonymous_24)","line":443,"loc":{"start":{"line":443,"column":26},"end":{"line":443,"column":38}}},"25":{"name":"(anonymous_25)","line":459,"loc":{"start":{"line":459,"column":29},"end":{"line":459,"column":42}}},"26":{"name":"(anonymous_26)","line":497,"loc":{"start":{"line":497,"column":30},"end":{"line":497,"column":43}}},"27":{"name":"(anonymous_27)","line":535,"loc":{"start":{"line":535,"column":28},"end":{"line":535,"column":41}}},"28":{"name":"(anonymous_28)","line":574,"loc":{"start":{"line":574,"column":23},"end":{"line":574,"column":35}}},"29":{"name":"(anonymous_29)","line":591,"loc":{"start":{"line":591,"column":22},"end":{"line":591,"column":34}}},"30":{"name":"(anonymous_30)","line":606,"loc":{"start":{"line":606,"column":26},"end":{"line":606,"column":40}}},"31":{"name":"(anonymous_31)","line":609,"loc":{"start":{"line":609,"column":29},"end":{"line":609,"column":47}}},"32":{"name":"(anonymous_32)","line":625,"loc":{"start":{"line":625,"column":25},"end":{"line":625,"column":55}}},"33":{"name":"(anonymous_33)","line":629,"loc":{"start":{"line":629,"column":15},"end":{"line":629,"column":34}}},"34":{"name":"(anonymous_34)","line":635,"loc":{"start":{"line":635,"column":42},"end":{"line":635,"column":66}}},"35":{"name":"(anonymous_35)","line":641,"loc":{"start":{"line":641,"column":28},"end":{"line":641,"column":40}}},"36":{"name":"(anonymous_36)","line":642,"loc":{"start":{"line":642,"column":48},"end":{"line":642,"column":72}}},"37":{"name":"(anonymous_37)","line":666,"loc":{"start":{"line":666,"column":27},"end":{"line":666,"column":57}}},"38":{"name":"(anonymous_38)","line":685,"loc":{"start":{"line":685,"column":46},"end":{"line":685,"column":70}}},"39":{"name":"(anonymous_39)","line":715,"loc":{"start":{"line":715,"column":25},"end":{"line":715,"column":42}}},"40":{"name":"(anonymous_40)","line":733,"loc":{"start":{"line":733,"column":26},"end":{"line":733,"column":44}}},"41":{"name":"(anonymous_41)","line":749,"loc":{"start":{"line":749,"column":33},"end":{"line":749,"column":46}}},"42":{"name":"(anonymous_42)","line":766,"loc":{"start":{"line":766,"column":23},"end":{"line":766,"column":37}}},"43":{"name":"(anonymous_43)","line":780,"loc":{"start":{"line":780,"column":27},"end":{"line":780,"column":39}}}},"statementMap":{"1":{"start":{"line":1,"column":0},"end":{"line":13,"column":3}},"2":{"start":{"line":15,"column":0},"end":{"line":15,"column":66}},"3":{"start":{"line":16,"column":0},"end":{"line":16,"column":98}},"4":{"start":{"line":18,"column":0},"end":{"line":18,"column":34}},"5":{"start":{"line":19,"column":0},"end":{"line":19,"column":54}},"6":{"start":{"line":20,"column":0},"end":{"line":20,"column":24}},"7":{"start":{"line":21,"column":0},"end":{"line":21,"column":28}},"8":{"start":{"line":22,"column":0},"end":{"line":22,"column":28}},"9":{"start":{"line":28,"column":0},"end":{"line":28,"column":18}},"10":{"start":{"line":36,"column":0},"end":{"line":202,"column":1}},"11":{"start":{"line":38,"column":2},"end":{"line":43,"column":3}},"12":{"start":{"line":39,"column":4},"end":{"line":39,"column":51}},"13":{"start":{"line":39,"column":37},"end":{"line":39,"column":51}},"14":{"start":{"line":40,"column":4},"end":{"line":40,"column":36}},"15":{"start":{"line":41,"column":4},"end":{"line":41,"column":35}},"16":{"start":{"line":41,"column":17},"end":{"line":41,"column":35}},"17":{"start":{"line":42,"column":4},"end":{"line":42,"column":20}},"18":{"start":{"line":46,"column":2},"end":{"line":46,"column":28}},"19":{"start":{"line":48,"column":2},"end":{"line":48,"column":18}},"20":{"start":{"line":50,"column":2},"end":{"line":50,"column":33}},"21":{"start":{"line":60,"column":2},"end":{"line":63,"column":4}},"22":{"start":{"line":61,"column":4},"end":{"line":61,"column":39}},"23":{"start":{"line":62,"column":4},"end":{"line":62,"column":37}},"24":{"start":{"line":74,"column":2},"end":{"line":98,"column":4}},"25":{"start":{"line":76,"column":4},"end":{"line":76,"column":41}},"26":{"start":{"line":78,"column":4},"end":{"line":81,"column":5}},"27":{"start":{"line":79,"column":6},"end":{"line":79,"column":68}},"28":{"start":{"line":80,"column":6},"end":{"line":80,"column":57}},"29":{"start":{"line":83,"column":4},"end":{"line":96,"column":7}},"30":{"start":{"line":84,"column":6},"end":{"line":84,"column":46}},"31":{"start":{"line":84,"column":15},"end":{"line":84,"column":46}},"32":{"start":{"line":86,"column":6},"end":{"line":89,"column":9}},"33":{"start":{"line":87,"column":8},"end":{"line":87,"column":74}},"34":{"start":{"line":88,"column":8},"end":{"line":88,"column":48}},"35":{"start":{"line":88,"column":17},"end":{"line":88,"column":48}},"36":{"start":{"line":90,"column":6},"end":{"line":95,"column":9}},"37":{"start":{"line":91,"column":8},"end":{"line":94,"column":11}},"38":{"start":{"line":92,"column":8},"end":{"line":92,"column":78}},"39":{"start":{"line":93,"column":10},"end":{"line":93,"column":50}},"40":{"start":{"line":93,"column":19},"end":{"line":93,"column":50}},"41":{"start":{"line":114,"column":2},"end":{"line":122,"column":4}},"42":{"start":{"line":115,"column":4},"end":{"line":115,"column":124}},"43":{"start":{"line":116,"column":4},"end":{"line":120,"column":5}},"44":{"start":{"line":117,"column":6},"end":{"line":117,"column":24}},"45":{"start":{"line":118,"column":6},"end":{"line":118,"column":23}},"46":{"start":{"line":119,"column":6},"end":{"line":119,"column":37}},"47":{"start":{"line":121,"column":4},"end":{"line":121,"column":46}},"48":{"start":{"line":134,"column":2},"end":{"line":144,"column":4}},"49":{"start":{"line":135,"column":4},"end":{"line":135,"column":126}},"50":{"start":{"line":136,"column":4},"end":{"line":143,"column":5}},"51":{"start":{"line":137,"column":6},"end":{"line":137,"column":42}},"52":{"start":{"line":138,"column":6},"end":{"line":138,"column":64}},"53":{"start":{"line":141,"column":6},"end":{"line":141,"column":32}},"54":{"start":{"line":142,"column":6},"end":{"line":142,"column":156}},"55":{"start":{"line":158,"column":2},"end":{"line":161,"column":4}},"56":{"start":{"line":159,"column":4},"end":{"line":159,"column":136}},"57":{"start":{"line":160,"column":4},"end":{"line":160,"column":36}},"58":{"start":{"line":171,"column":2},"end":{"line":174,"column":4}},"59":{"start":{"line":172,"column":4},"end":{"line":172,"column":58}},"60":{"start":{"line":173,"column":4},"end":{"line":173,"column":46}},"61":{"start":{"line":183,"column":2},"end":{"line":186,"column":4}},"62":{"start":{"line":184,"column":4},"end":{"line":184,"column":33}},"63":{"start":{"line":185,"column":4},"end":{"line":185,"column":71}},"64":{"start":{"line":188,"column":2},"end":{"line":188,"column":42}},"65":{"start":{"line":190,"column":2},"end":{"line":190,"column":19}},"66":{"start":{"line":192,"column":2},"end":{"line":192,"column":20}},"67":{"start":{"line":194,"column":2},"end":{"line":194,"column":18}},"68":{"start":{"line":196,"column":2},"end":{"line":196,"column":27}},"69":{"start":{"line":198,"column":2},"end":{"line":201,"column":3}},"70":{"start":{"line":199,"column":4},"end":{"line":199,"column":62}},"71":{"start":{"line":200,"column":4},"end":{"line":200,"column":22}},"72":{"start":{"line":204,"column":0},"end":{"line":204,"column":43}},"73":{"start":{"line":215,"column":0},"end":{"line":279,"column":2}},"74":{"start":{"line":216,"column":2},"end":{"line":258,"column":4}},"75":{"start":{"line":217,"column":4},"end":{"line":222,"column":5}},"76":{"start":{"line":218,"column":6},"end":{"line":221,"column":9}},"77":{"start":{"line":219,"column":8},"end":{"line":219,"column":27}},"78":{"start":{"line":220,"column":8},"end":{"line":220,"column":18}},"79":{"start":{"line":223,"column":4},"end":{"line":223,"column":56}},"80":{"start":{"line":224,"column":4},"end":{"line":224,"column":41}},"81":{"start":{"line":225,"column":4},"end":{"line":256,"column":7}},"82":{"start":{"line":226,"column":6},"end":{"line":226,"column":38}},"83":{"start":{"line":227,"column":6},"end":{"line":255,"column":7}},"84":{"start":{"line":228,"column":8},"end":{"line":247,"column":9}},"85":{"start":{"line":229,"column":5},"end":{"line":229,"column":45}},"86":{"start":{"line":230,"column":5},"end":{"line":242,"column":6}},"87":{"start":{"line":231,"column":6},"end":{"line":235,"column":7}},"88":{"start":{"line":232,"column":7},"end":{"line":232,"column":26}},"89":{"start":{"line":233,"column":7},"end":{"line":233,"column":17}},"90":{"start":{"line":234,"column":7},"end":{"line":234,"column":14}},"91":{"start":{"line":238,"column":6},"end":{"line":238,"column":62}},"92":{"start":{"line":239,"column":6},"end":{"line":239,"column":43}},"93":{"start":{"line":240,"column":6},"end":{"line":240,"column":25}},"94":{"start":{"line":241,"column":6},"end":{"line":241,"column":28}},"95":{"start":{"line":245,"column":10},"end":{"line":245,"column":27}},"96":{"start":{"line":246,"column":10},"end":{"line":246,"column":31}},"97":{"start":{"line":248,"column":8},"end":{"line":248,"column":15}},"98":{"start":{"line":251,"column":8},"end":{"line":251,"column":45}},"99":{"start":{"line":252,"column":8},"end":{"line":254,"column":9}},"100":{"start":{"line":253,"column":10},"end":{"line":253,"column":45}},"101":{"start":{"line":257,"column":4},"end":{"line":257,"column":18}},"102":{"start":{"line":260,"column":2},"end":{"line":276,"column":3}},"103":{"start":{"line":261,"column":4},"end":{"line":261,"column":34}},"104":{"start":{"line":262,"column":4},"end":{"line":262,"column":170}},"105":{"start":{"line":263,"column":4},"end":{"line":263,"column":26}},"106":{"start":{"line":264,"column":4},"end":{"line":264,"column":15}},"107":{"start":{"line":266,"column":7},"end":{"line":276,"column":3}},"108":{"start":{"line":267,"column":4},"end":{"line":267,"column":33}},"109":{"start":{"line":268,"column":4},"end":{"line":268,"column":48}},"110":{"start":{"line":270,"column":7},"end":{"line":276,"column":3}},"111":{"start":{"line":271,"column":4},"end":{"line":271,"column":37}},"112":{"start":{"line":272,"column":4},"end":{"line":272,"column":31}},"113":{"start":{"line":275,"column":4},"end":{"line":275,"column":71}},"114":{"start":{"line":278,"column":2},"end":{"line":278,"column":14}},"115":{"start":{"line":289,"column":0},"end":{"line":294,"column":2}},"116":{"start":{"line":290,"column":2},"end":{"line":290,"column":35}},"117":{"start":{"line":291,"column":2},"end":{"line":291,"column":30}},"118":{"start":{"line":292,"column":2},"end":{"line":292,"column":38}},"119":{"start":{"line":293,"column":2},"end":{"line":293,"column":17}},"120":{"start":{"line":305,"column":0},"end":{"line":305,"column":48}},"121":{"start":{"line":316,"column":0},"end":{"line":338,"column":2}},"122":{"start":{"line":318,"column":2},"end":{"line":329,"column":3}},"123":{"start":{"line":319,"column":4},"end":{"line":319,"column":34}},"124":{"start":{"line":321,"column":4},"end":{"line":324,"column":5}},"125":{"start":{"line":322,"column":6},"end":{"line":322,"column":90}},"126":{"start":{"line":323,"column":6},"end":{"line":323,"column":77}},"127":{"start":{"line":326,"column":4},"end":{"line":326,"column":30}},"128":{"start":{"line":327,"column":4},"end":{"line":327,"column":72}},"129":{"start":{"line":328,"column":4},"end":{"line":328,"column":16}},"130":{"start":{"line":331,"column":2},"end":{"line":334,"column":3}},"131":{"start":{"line":332,"column":4},"end":{"line":332,"column":54}},"132":{"start":{"line":333,"column":4},"end":{"line":333,"column":30}},"133":{"start":{"line":336,"column":2},"end":{"line":336,"column":24}},"134":{"start":{"line":348,"column":0},"end":{"line":372,"column":2}},"135":{"start":{"line":350,"column":2},"end":{"line":363,"column":3}},"136":{"start":{"line":352,"column":4},"end":{"line":352,"column":37}},"137":{"start":{"line":354,"column":4},"end":{"line":357,"column":5}},"138":{"start":{"line":355,"column":6},"end":{"line":355,"column":69}},"139":{"start":{"line":356,"column":6},"end":{"line":356,"column":63}},"140":{"start":{"line":359,"column":4},"end":{"line":359,"column":30}},"141":{"start":{"line":360,"column":4},"end":{"line":360,"column":49}},"142":{"start":{"line":361,"column":4},"end":{"line":361,"column":16}},"143":{"start":{"line":365,"column":2},"end":{"line":368,"column":3}},"144":{"start":{"line":366,"column":4},"end":{"line":366,"column":60}},"145":{"start":{"line":367,"column":4},"end":{"line":367,"column":30}},"146":{"start":{"line":370,"column":2},"end":{"line":370,"column":24}},"147":{"start":{"line":382,"column":0},"end":{"line":401,"column":2}},"148":{"start":{"line":384,"column":2},"end":{"line":393,"column":3}},"149":{"start":{"line":386,"column":4},"end":{"line":386,"column":35}},"150":{"start":{"line":388,"column":4},"end":{"line":388,"column":18}},"151":{"start":{"line":389,"column":4},"end":{"line":389,"column":37}},"152":{"start":{"line":390,"column":4},"end":{"line":390,"column":49}},"153":{"start":{"line":391,"column":4},"end":{"line":391,"column":16}},"154":{"start":{"line":395,"column":2},"end":{"line":397,"column":3}},"155":{"start":{"line":396,"column":4},"end":{"line":396,"column":19}},"156":{"start":{"line":399,"column":2},"end":{"line":399,"column":18}},"157":{"start":{"line":412,"column":0},"end":{"line":420,"column":2}},"158":{"start":{"line":413,"column":2},"end":{"line":416,"column":3}},"159":{"start":{"line":414,"column":4},"end":{"line":414,"column":82}},"160":{"start":{"line":415,"column":4},"end":{"line":415,"column":41}},"161":{"start":{"line":417,"column":2},"end":{"line":417,"column":47}},"162":{"start":{"line":418,"column":2},"end":{"line":418,"column":88}},"163":{"start":{"line":419,"column":2},"end":{"line":419,"column":14}},"164":{"start":{"line":429,"column":0},"end":{"line":434,"column":2}},"165":{"start":{"line":430,"column":2},"end":{"line":430,"column":45}},"166":{"start":{"line":431,"column":2},"end":{"line":431,"column":26}},"167":{"start":{"line":432,"column":2},"end":{"line":432,"column":58}},"168":{"start":{"line":433,"column":2},"end":{"line":433,"column":14}},"169":{"start":{"line":443,"column":0},"end":{"line":448,"column":2}},"170":{"start":{"line":444,"column":2},"end":{"line":444,"column":45}},"171":{"start":{"line":445,"column":2},"end":{"line":445,"column":26}},"172":{"start":{"line":446,"column":2},"end":{"line":446,"column":59}},"173":{"start":{"line":447,"column":2},"end":{"line":447,"column":14}},"174":{"start":{"line":459,"column":0},"end":{"line":485,"column":2}},"175":{"start":{"line":461,"column":2},"end":{"line":476,"column":3}},"176":{"start":{"line":462,"column":4},"end":{"line":462,"column":48}},"177":{"start":{"line":463,"column":4},"end":{"line":468,"column":5}},"178":{"start":{"line":464,"column":6},"end":{"line":464,"column":56}},"179":{"start":{"line":465,"column":6},"end":{"line":465,"column":68}},"180":{"start":{"line":466,"column":6},"end":{"line":466,"column":60}},"181":{"start":{"line":467,"column":6},"end":{"line":467,"column":72}},"182":{"start":{"line":470,"column":4},"end":{"line":470,"column":24}},"183":{"start":{"line":471,"column":4},"end":{"line":471,"column":55}},"184":{"start":{"line":472,"column":4},"end":{"line":472,"column":67}},"185":{"start":{"line":473,"column":4},"end":{"line":473,"column":63}},"186":{"start":{"line":475,"column":4},"end":{"line":475,"column":16}},"187":{"start":{"line":478,"column":2},"end":{"line":481,"column":3}},"188":{"start":{"line":479,"column":4},"end":{"line":479,"column":61}},"189":{"start":{"line":480,"column":4},"end":{"line":480,"column":31}},"190":{"start":{"line":483,"column":2},"end":{"line":483,"column":25}},"191":{"start":{"line":497,"column":0},"end":{"line":523,"column":2}},"192":{"start":{"line":499,"column":2},"end":{"line":514,"column":3}},"193":{"start":{"line":500,"column":4},"end":{"line":500,"column":41}},"194":{"start":{"line":501,"column":4},"end":{"line":506,"column":5}},"195":{"start":{"line":502,"column":6},"end":{"line":502,"column":52}},"196":{"start":{"line":503,"column":6},"end":{"line":503,"column":77}},"197":{"start":{"line":504,"column":6},"end":{"line":504,"column":61}},"198":{"start":{"line":505,"column":6},"end":{"line":505,"column":66}},"199":{"start":{"line":508,"column":4},"end":{"line":508,"column":25}},"200":{"start":{"line":509,"column":4},"end":{"line":509,"column":56}},"201":{"start":{"line":510,"column":4},"end":{"line":510,"column":61}},"202":{"start":{"line":511,"column":4},"end":{"line":511,"column":72}},"203":{"start":{"line":513,"column":4},"end":{"line":513,"column":16}},"204":{"start":{"line":516,"column":2},"end":{"line":519,"column":3}},"205":{"start":{"line":517,"column":4},"end":{"line":517,"column":63}},"206":{"start":{"line":518,"column":4},"end":{"line":518,"column":32}},"207":{"start":{"line":521,"column":2},"end":{"line":521,"column":26}},"208":{"start":{"line":535,"column":0},"end":{"line":561,"column":2}},"209":{"start":{"line":537,"column":2},"end":{"line":552,"column":3}},"210":{"start":{"line":538,"column":4},"end":{"line":538,"column":39}},"211":{"start":{"line":539,"column":4},"end":{"line":544,"column":5}},"212":{"start":{"line":540,"column":6},"end":{"line":540,"column":55}},"213":{"start":{"line":541,"column":6},"end":{"line":541,"column":76}},"214":{"start":{"line":542,"column":6},"end":{"line":542,"column":59}},"215":{"start":{"line":543,"column":6},"end":{"line":543,"column":71}},"216":{"start":{"line":546,"column":4},"end":{"line":546,"column":23}},"217":{"start":{"line":547,"column":4},"end":{"line":547,"column":54}},"218":{"start":{"line":548,"column":4},"end":{"line":548,"column":66}},"219":{"start":{"line":549,"column":4},"end":{"line":549,"column":71}},"220":{"start":{"line":551,"column":4},"end":{"line":551,"column":16}},"221":{"start":{"line":554,"column":2},"end":{"line":557,"column":3}},"222":{"start":{"line":555,"column":4},"end":{"line":555,"column":60}},"223":{"start":{"line":556,"column":4},"end":{"line":556,"column":30}},"224":{"start":{"line":559,"column":2},"end":{"line":559,"column":24}},"225":{"start":{"line":574,"column":0},"end":{"line":578,"column":2}},"226":{"start":{"line":575,"column":2},"end":{"line":575,"column":32}},"227":{"start":{"line":576,"column":2},"end":{"line":576,"column":84}},"228":{"start":{"line":577,"column":2},"end":{"line":577,"column":14}},"229":{"start":{"line":591,"column":0},"end":{"line":595,"column":2}},"230":{"start":{"line":592,"column":2},"end":{"line":592,"column":33}},"231":{"start":{"line":593,"column":2},"end":{"line":593,"column":86}},"232":{"start":{"line":594,"column":2},"end":{"line":594,"column":14}},"233":{"start":{"line":606,"column":0},"end":{"line":613,"column":2}},"234":{"start":{"line":607,"column":2},"end":{"line":607,"column":42}},"235":{"start":{"line":608,"column":2},"end":{"line":608,"column":18}},"236":{"start":{"line":609,"column":2},"end":{"line":611,"column":5}},"237":{"start":{"line":610,"column":4},"end":{"line":610,"column":28}},"238":{"start":{"line":612,"column":2},"end":{"line":612,"column":14}},"239":{"start":{"line":625,"column":0},"end":{"line":654,"column":2}},"240":{"start":{"line":626,"column":2},"end":{"line":626,"column":64}},"241":{"start":{"line":628,"column":2},"end":{"line":628,"column":18}},"242":{"start":{"line":629,"column":2},"end":{"line":632,"column":4}},"243":{"start":{"line":630,"column":4},"end":{"line":630,"column":100}},"244":{"start":{"line":631,"column":4},"end":{"line":631,"column":55}},"245":{"start":{"line":633,"column":2},"end":{"line":633,"column":24}},"246":{"start":{"line":635,"column":2},"end":{"line":651,"column":5}},"247":{"start":{"line":637,"column":4},"end":{"line":637,"column":44}},"248":{"start":{"line":637,"column":13},"end":{"line":637,"column":44}},"249":{"start":{"line":639,"column":4},"end":{"line":639,"column":78}},"250":{"start":{"line":641,"column":4},"end":{"line":646,"column":7}},"251":{"start":{"line":642,"column":6},"end":{"line":645,"column":9}},"252":{"start":{"line":643,"column":8},"end":{"line":643,"column":48}},"253":{"start":{"line":643,"column":17},"end":{"line":643,"column":48}},"254":{"start":{"line":644,"column":8},"end":{"line":644,"column":155}},"255":{"start":{"line":648,"column":4},"end":{"line":650,"column":5}},"256":{"start":{"line":649,"column":6},"end":{"line":649,"column":25}},"257":{"start":{"line":653,"column":2},"end":{"line":653,"column":14}},"258":{"start":{"line":666,"column":0},"end":{"line":706,"column":2}},"259":{"start":{"line":667,"column":2},"end":{"line":667,"column":64}},"260":{"start":{"line":669,"column":2},"end":{"line":669,"column":18}},"261":{"start":{"line":672,"column":2},"end":{"line":672,"column":77}},"262":{"start":{"line":673,"column":2},"end":{"line":673,"column":77}},"263":{"start":{"line":674,"column":2},"end":{"line":679,"column":3}},"264":{"start":{"line":675,"column":4},"end":{"line":678,"column":5}},"265":{"start":{"line":676,"column":6},"end":{"line":676,"column":28}},"266":{"start":{"line":677,"column":6},"end":{"line":677,"column":12}},"267":{"start":{"line":681,"column":2},"end":{"line":703,"column":3}},"268":{"start":{"line":682,"column":4},"end":{"line":682,"column":27}},"269":{"start":{"line":684,"column":4},"end":{"line":684,"column":36}},"270":{"start":{"line":685,"column":4},"end":{"line":695,"column":7}},"271":{"start":{"line":687,"column":6},"end":{"line":687,"column":46}},"272":{"start":{"line":687,"column":15},"end":{"line":687,"column":46}},"273":{"start":{"line":689,"column":6},"end":{"line":689,"column":155}},"274":{"start":{"line":691,"column":6},"end":{"line":693,"column":7}},"275":{"start":{"line":692,"column":8},"end":{"line":692,"column":27}},"276":{"start":{"line":699,"column":4},"end":{"line":699,"column":34}},"277":{"start":{"line":700,"column":4},"end":{"line":702,"column":5}},"278":{"start":{"line":701,"column":6},"end":{"line":701,"column":23}},"279":{"start":{"line":705,"column":2},"end":{"line":705,"column":14}},"280":{"start":{"line":715,"column":0},"end":{"line":724,"column":2}},"281":{"start":{"line":716,"column":2},"end":{"line":722,"column":3}},"282":{"start":{"line":717,"column":4},"end":{"line":717,"column":52}},"283":{"start":{"line":718,"column":4},"end":{"line":718,"column":76}},"284":{"start":{"line":719,"column":4},"end":{"line":719,"column":55}},"285":{"start":{"line":720,"column":4},"end":{"line":720,"column":33}},"286":{"start":{"line":721,"column":4},"end":{"line":721,"column":16}},"287":{"start":{"line":723,"column":2},"end":{"line":723,"column":33}},"288":{"start":{"line":733,"column":0},"end":{"line":740,"column":2}},"289":{"start":{"line":734,"column":2},"end":{"line":738,"column":3}},"290":{"start":{"line":735,"column":4},"end":{"line":735,"column":34}},"291":{"start":{"line":736,"column":4},"end":{"line":736,"column":35}},"292":{"start":{"line":737,"column":4},"end":{"line":737,"column":16}},"293":{"start":{"line":739,"column":2},"end":{"line":739,"column":34}},"294":{"start":{"line":749,"column":0},"end":{"line":756,"column":2}},"295":{"start":{"line":750,"column":2},"end":{"line":750,"column":48}},"296":{"start":{"line":751,"column":2},"end":{"line":754,"column":3}},"297":{"start":{"line":752,"column":4},"end":{"line":752,"column":37}},"298":{"start":{"line":753,"column":4},"end":{"line":753,"column":16}},"299":{"start":{"line":755,"column":2},"end":{"line":755,"column":41}},"300":{"start":{"line":766,"column":0},"end":{"line":770,"column":2}},"301":{"start":{"line":767,"column":2},"end":{"line":767,"column":69}},"302":{"start":{"line":768,"column":2},"end":{"line":768,"column":11}},"303":{"start":{"
[...]
:277,"column":8}},"109":{"start":{"line":274,"column":8},"end":{"line":276,"column":9}},"110":{"start":{"line":275,"column":10},"end":{"line":275,"column":30}},"111":{"start":{"line":279,"column":4},"end":{"line":279,"column":24}},"112":{"start":{"line":281,"column":7},"end":{"line":305,"column":3}},"113":{"start":{"line":282,"column":4},"end":{"line":284,"column":5}},"114":{"start":{"line":283,"column":6},"end":{"line":283,"column":18}},"115":{"start":{"line":285,"column":4},"end":{"line":287,"column":5}},"116":{"start":{"line":286,"column":6},"end":{"line":286,"column":22}},"117":{"start":{"line":289,"column":7},"end":{"line":305,"column":3}},"118":{"start":{"line":290,"column":4},"end":{"line":304,"column":5}},"119":{"start":{"line":291,"column":6},"end":{"line":302,"column":7}},"120":{"start":{"line":292,"column":8},"end":{"line":301,"column":10}},"121":{"start":{"line":293,"column":10},"end":{"line":300,"column":11}},"122":{"start":{"line":294,"column":12},"end":{"line":299,"column":13}},"123":{"start":{"line":295,"column":14},"end":{"line":295,"column":52}},"124":{"start":{"line":298,"column":14},"end":{"line":298,"column":32}},"125":{"start":{"line":303,"column":6},"end":{"line":303,"column":29}},"126":{"start":{"line":306,"column":2},"end":{"line":306,"column":14}},"127":{"start":{"line":317,"column":0},"end":{"line":324,"column":2}},"128":{"start":{"line":318,"column":2},"end":{"line":322,"column":3}},"129":{"start":{"line":319,"column":4},"end":{"line":319,"column":33}},"130":{"start":{"line":320,"column":4},"end":{"line":320,"column":29}},"131":{"start":{"line":321,"column":4},"end":{"line":321,"column":30}},"132":{"start":{"line":323,"column":2},"end":{"line":323,"column":14}},"133":{"start":{"line":333,"column":0},"end":{"line":338,"column":2}},"134":{"start":{"line":334,"column":2},"end":{"line":336,"column":3}},"135":{"start":{"line":335,"column":4},"end":{"line":335,"column":23}},"136":{"start":{"line":337,"column":2},"end":{"line":337,"column":23}},"137":{"start":{"line":347,"column":0},"end":{"line":357,"column":2}},"138":{"start":{"line":348,"column":2},"end":{"line":348,"column":31}},"139":{"start":{"line":349,"column":2},"end":{"line":352,"column":3}},"140":{"start":{"line":350,"column":4},"end":{"line":350,"column":28}},"141":{"start":{"line":351,"column":4},"end":{"line":351,"column":16}},"142":{"start":{"line":353,"column":2},"end":{"line":355,"column":3}},"143":{"start":{"line":354,"column":4},"end":{"line":354,"column":30}},"144":{"start":{"line":356,"column":2},"end":{"line":356,"column":29}}},"branchMap":{"1":{"line":17,"type":"if","locations":[{"start":{"line":17,"column":2},"end":{"line":17,"column":2}},{"start":{"line":17,"column":2},"end":{"line":17,"column":2}}]},"2":{"line":42,"type":"if","locations":[{"start":{"line":42,"column":6},"end":{"line":42,"column":6}},{"start":{"line":42,"column":6},"end":{"line":42,"column":6}}]},"3":{"line":57,"type":"if","locations":[{"start":{"line":57,"column":4},"end":{"line":57,"column":4}},{"start":{"line":57,"column":4},"end":{"line":57,"column":4}}]},"4":{"line":88,"type":"binary-expr","locations":[{"start":{"line":88,"column":11},"end":{"line":88,"column":15}},{"start":{"line":88,"column":19},"end":{"line":88,"column":21}}]},"5":{"line":89,"type":"if","locations":[{"start":{"line":89,"column":4},"end":{"line":89,"column":4}},{"start":{"line":89,"column":4},"end":{"line":89,"column":4}}]},"6":{"line":91,"type":"if","locations":[{"start":{"line":91,"column":4},"end":{"line":91,"column":4}},{"start":{"line":91,"column":4},"end":{"line":91,"column":4}}]},"7":{"line":91,"type":"binary-expr","locations":[{"start":{"line":91,"column":8},"end":{"line":91,"column":25}},{"start":{"line":91,"column":29},"end":{"line":91,"column":36}},{"start":{"line":91,"column":40},"end":{"line":91,"column":57}}]},"8":{"line":101,"type":"if","locations":[{"start":{"line":101,"column":6},"end":{"line":101,"column":6}},{"start":{"line":101,"column":6},"end":{"line":101,"column":6}}]},"9":{"line":107,"type":"if","locations":[{"start":{"line":107,"column":8},"end":{"line":107,"column":8}},{"start":{"line":107,"column":8},"end":{"line":107,"column":8}}]},"10":{"line":111,"type":"if","locations":[{"start":{"line":111,"column":8},"end":{"line":111,"column":8}},{"start":{"line":111,"column":8},"end":{"line":111,"column":8}}]},"11":{"line":137,"type":"binary-expr","locations":[{"start":{"line":137,"column":15},"end":{"line":137,"column":26}},{"start":{"line":137,"column":30},"end":{"line":137,"column":32}}]},"12":{"line":139,"type":"if","locations":[{"start":{"line":139,"column":4},"end":{"line":139,"column":4}},{"start":{"line":139,"column":4},"end":{"line":139,"column":4}}]},"13":{"line":143,"type":"if","locations":[{"start":{"line":143,"column":4},"end":{"line":143,"column":4}},{"start":{"line":143,"column":4},"end":{"line":143,"column":4}}]},"14":{"line":146,"type":"if","locations":[{"start":{"line":146,"column":9},"end":{"line":146,"column":9}},{"start":{"line":146,"column":9},"end":{"line":146,"column":9}}]},"15":{"line":192,"type":"if","locations":[{"start":{"line":192,"column":2},"end":{"line":192,"column":2}},{"start":{"line":192,"column":2},"end":{"line":192,"column":2}}]},"16":{"line":218,"type":"if","locations":[{"start":{"line":218,"column":2},"end":{"line":218,"column":2}},{"start":{"line":218,"column":2},"end":{"line":218,"column":2}}]},"17":{"line":219,"type":"if","locations":[{"start":{"line":219,"column":4},"end":{"line":219,"column":4}},{"start":{"line":219,"column":4},"end":{"line":219,"column":4}}]},"18":{"line":221,"type":"if","locations":[{"start":{"line":221,"column":8},"end":{"line":221,"column":8}},{"start":{"line":221,"column":8},"end":{"line":221,"column":8}}]},"19":{"line":228,"type":"if","locations":[{"start":{"line":228,"column":7},"end":{"line":228,"column":7}},{"start":{"line":228,"column":7},"end":{"line":228,"column":7}}]},"20":{"line":229,"type":"if","locations":[{"start":{"line":229,"column":4},"end":{"line":229,"column":4}},{"start":{"line":229,"column":4},"end":{"line":229,"column":4}}]},"21":{"line":229,"type":"binary-expr","locations":[{"start":{"line":229,"column":8},"end":{"line":229,"column":28}},{"start":{"line":229,"column":32},"end":{"line":229,"column":34}}]},"22":{"line":232,"type":"if","locations":[{"start":{"line":232,"column":4},"end":{"line":232,"column":4}},{"start":{"line":232,"column":4},"end":{"line":232,"column":4}}]},"23":{"line":236,"type":"if","locations":[{"start":{"line":236,"column":7},"end":{"line":236,"column":7}},{"start":{"line":236,"column":7},"end":{"line":236,"column":7}}]},"24":{"line":237,"type":"if","locations":[{"start":{"line":237,"column":4},"end":{"line":237,"column":4}},{"start":{"line":237,"column":4},"end":{"line":237,"column":4}}]},"25":{"line":238,"type":"if","locations":[{"start":{"line":238,"column":6},"end":{"line":238,"column":6}},{"start":{"line":238,"column":6},"end":{"line":238,"column":6}}]},"26":{"line":240,"type":"if","locations":[{"start":{"line":240,"column":10},"end":{"line":240,"column":10}},{"start":{"line":240,"column":10},"end":{"line":240,"column":10}}]},"27":{"line":271,"type":"if","locations":[{"start":{"line":271,"column":2},"end":{"line":271,"column":2}},{"start":{"line":271,"column":2},"end":{"line":271,"column":2}}]},"28":{"line":272,"type":"if","locations":[{"start":{"line":272,"column":4},"end":{"line":272,"column":4}},{"start":{"line":272,"column":4},"end":{"line":272,"column":4}}]},"29":{"line":274,"type":"if","locations":[{"start":{"line":274,"column":8},"end":{"line":274,"column":8}},{"start":{"line":274,"column":8},"end":{"line":274,"column":8}}]},"30":{"line":281,"type":"if","locations":[{"start":{"line":281,"column":7},"end":{"line":281,"column":7}},{"start":{"line":281,"column":7},"end":{"line":281,"column":7}}]},"31":{"line":282,"type":"if","locations":[{"start":{"line":282,"column":4},"end":{"line":282,"column":4}},{"start":{"line":282,"column":4},"end":{"line":282,"column":4}}]},"32":{"line":282,"type":"binary-expr","locations":[{"start":{"line":282,"column":8},"end":{"line":282,"column":28}},{"start":{"line":282,"column":32},"end":{"line":282,"column":34}}]},"33":{"line":285,"type":"if","locations":[{"start":{"line":285,"column":4},"end":{"line":285,"column":4}},{"start":{"line":285,"column":4},"end":{"line":285,"column":4}}]},"34":{"line":289,"type":"if","locations":[{"start":{"line":289,"column":7},"end":{"line":289,"column":7}},{"start":{"line":289,"column":7},"end":{"line":289,"column":7}}]},"35":{"line":290,"type":"if","locations":[{"start":{"line":290,"column":4},"end":{"line":290,"column":4}},{"start":{"line":290,"column":4},"end":{"line":290,"column":4}}]},"36":{"line":291,"type":"if","locations":[{"start":{"line":291,"column":6},"end":{"line":291,"column":6}},{"start":{"line":291,"column":6},"end":{"line":291,"column":6}}]},"37":{"line":293,"type":"if","locations":[{"start":{"line":293,"column":10},"end":{"line":293,"column":10}},{"start":{"line":293,"column":10},"end":{"line":293,"column":10}}]},"38":{"line":294,"type":"if","locations":[{"start":{"line":294,"column":12},"end":{"line":294,"column":12}},{"start":{"line":294,"column":12},"end":{"line":294,"column":12}}]},"39":{"line":294,"type":"binary-expr","locations":[{"start":{"line":294,"column":16},"end":{"line":294,"column":25}},{"start":{"line":294,"column":29},"end":{"line":294,"column":48}}]},"40":{"line":295,"type":"binary-expr","locations":[{"start":{"line":295,"column":23},"end":{"line":295,"column":39}},{"start":{"line":295,"column":43},"end":{"line":295,"column":50}}]},"41":{"line":318,"type":"if","locations":[{"start":{"line":318,"column":2},"end":{"line":318,"column":2}},{"start":{"line":318,"column":2},"end":{"line":318,"column":2}}]},"42":{"line":318,"type":"binary-expr","locations":[{"start":{"line":318,"column":6},"end":{"line":318,"column":30}},{"start":{"line":318,"column":34},"end":{"line":318,"column":66}}]},"43":{"line":334,"type":"if","locations":[{"start":{"line":334,"column":2},"end":{"line":334,"column":2}},{"start":{"line":334,"column":2},"end":{"line":334,"column":2}}]},"44":{"line":349,"type":"if","locations":[{"start":{"line":349,"column":2},"end":{"line":349,"column":2}},{"start":{"line":349,"column":2},"end":{"line":349,"column":2}}]},"45":{"line":353,"type":"if","locations":[{"start":{"line":353,"column":2},"end":{"line":353,"column":2}},{"start":{"line":353,"column":2},"end":{"line":353,"column":2}}]}},"code":["var util = require('util')","  , events = require('events')","  , debug = require('debug')('bus.io-messages:messages')","  , common = require('bus.io-common')","  , Message = common.Message","  ;","","module.exports = Messages;","","/**"," * Produces and publishes socket messages"," */","","function Messages () {","  var self = this;","","  if (!(this instanceof Messages)) return new Messages();","","  events.EventEmitter.call(this);","","  debug('new messages');","","  /**","   * When a socket is accepted","   *","   * @param {object} socket","   */","","  this.onConnection = function (socket) {","","    debug('on connection %s', socket.id);","","    /**","     * This is used to add listeners to sockets when the Messages.prototype.action()","     * method is invoked","     *","     * @param {string} name","     */","","    function onAction (name) {","      debug('on action %s', name);","      if (socket.listeners(name).indexOf(self.onMessage) < 0) {","        socket.on(name, function () {","          debug('socket on %s', name);","          var args = Array.prototype.slice.call(arguments);","          self.onMessage(socket, [name].concat(args));","        });","      }","    }","   ","    self.on('action', onAction);","","    /*","     * take the current actions and set up handlers for them","     */","","    if (self.actions()) {","      self.actions().forEach(onAction);","    }","","","    /*","     * when we disconnect we want to remove the handlers and the onAction","     * method","     */","","    socket.on('disconnect', function () {","      debug('on disconnect %s', socket.id);","      self.removeListener('action', onAction);","      self.actions().forEach(function (name) {","        debug('removing listeners for %s', name);","        socket.removeAllListeners(name);","        debug('listener count %s for %s', socket.listeners(name).length, name);","      });","    });","","  };","","  /*","   * Called when we receive data from the socket","   * It will build up the actor, target, and content","   * to produce a json object that will be published","   * onto an publisher / event emitter","   */","","  this.onMessage = function (socket, args) {","    debug('on message %s', socket.id);","    args = args || [];","    if (!args.length) return;","    var message, isMessage = false;","    if (args.length === 2 && args[1] && args[1].isMessage) {","      isMessage = true;","      message = Message(args[1]);  ","    }","    else {","      message = Message();","    }","    message.action(args.shift());","    self.actor(socket, function (err, actor) {","      debug('on actor %s, %s', socket.id, actor);","      if (err) {","        return self.emit('error', err, socket, args);","      }","      message.actor(actor);","      self.target(socket, args, function (err, target) {","        debug('on target %s, %s', socket.id, actor);","        if (err) {","          return self.emit('error', err, socket, args);","        }","        message.target(target);","        if (!isMessage) message.content(args);","        self.emit('message', message, socket);","      });","    });","  };","","  /*","   * the middleware fucntion we attach to socket.io. It looks for events and if","   * we have auto propagation turned on it will trigger events that are *not*","   * in the current action set.","   */","","  this.middleware = function (socket, next) {","    debug('middleware invoked on socket %s', socket.id);","    socket.onevent = self.onSocketEvent;","    next();","  };","","  /*","   * The function we override the onevent with.","   */","","  // TODO lets use socket.io-events","","  this.onSocketEvent = function(packet) {","    debug('on socket event for socket %s', this.id);","    var args = packet.data || [];","","    if (null != packet.id) {","      args.push(this.ack(packet.id));","    }","","    if (this.listeners(args[0]).length) {","      events.EventEmitter.prototype.emit.apply(this, args);","    }","    else if (self.autoPropagate()) {","      self.onMessage(this, args);","    }","","  };","","  this.setMaxListeners(0);","}","","util.inherits(Messages, events.EventEmitter);","","/**"," * @api public"," * @return Messages"," */","","Messages.make = function () {","  debug('make');","  return new Messages();","};","","/**"," * Creates a new instance and has it listen to \"io\""," *"," * @api public"," * @param {object} io"," * @return Messages"," */","","Messages.listen = function (io) {","  debug('listen');","  var messages = this.make();","  messages.attach(io);","  return messages;","};","","/**"," * Attaches our #onConnection method to the io object"," *"," * @api public"," * @param {object} io"," * @return Messages"," */","","Messages.prototype.attach = function (io) {","  debug('attach');","  if (io.sockets.fns.indexOf(this.middleware) < 0) {","    io.use(this.middleware);","  }","  io.on('connection', this.onConnection);","  return this;","};","","/**"," * Either sets the actor query method or invokes it"," *"," * Set"," *"," * @api public"," * @param {Function} o"," *"," * Invoke"," *"," * @param {Object} o The socket"," * @param {Function} cb"," *"," * @return Messages"," */","","Messages.prototype.actor = function (o, cb) {","  debug('actor');","  var type = typeof o;  ","  if (arguments.length === 0) {","    if (!this._actor) {","      this._actor = function (socket, cb) {","        if (typeof cb === 'function') {","          cb(null, socket.id);","        }","      };","    }","    return this._actor;","  }","  else if (arguments.length === 1) {","    if (type === 'undefined' || !o) {","      return this;","    }","    if (type === 'function') {","      this._actor = o","    }","  }","  else if (arguments.length > 1) {","    if (type !== 'function') {","      if (!this._actor) {","        this._actor = function (socket, cb) {","          if (typeof cb === 'function') {","            cb(null, socket.id);","          }","        };","      }","      this._actor(o, cb);","    }","  }","  return this;","};","","/**"," * Either sets the target query method or invokes it"," *"," * Set"," *"," * @api public"," * @param {Function} o"," *"," * Invoke"," *"," * @param {Object} o The socket"," * @param {Array} p The arguments emitted from the socket"," * @param {Function} cb"," *"," * @return Messages"," */","","Messages.prototype.target = function (o, p, cb) {","  debug('target');","  var type = typeof o;  ","  if (arguments.length === 0) {","    if (!this._target) {","      this._target = function (socket, params, cb) {","        if (typeof cb === 'function') {","          cb(null, socket.id);","        }","      };","    }","    return this._target;","  }","  else if (arguments.length === 1) {","    if (type === 'undefined' || !o) {","      return this;","    }","    if (type === 'function') {","      this._target = o","    }","  }","  else if (arguments.length > 2) {","    if (type !== 'function') {","      if (!this._target) {","        this._target = function (sock, params, cb) {","          if (typeof cb === 'function') {","            if (params[0] && params[0].isMessage) {","              cb(null, params[0].target || sock.id);","            }","            else {","              cb(null, sock.id);","            }","          }","        };","      }","      this._target(o, p, cb);","    }","  }","  return this;","};","","/**"," * Triggers the binding of an event handler to all sockets for the given event name"," *"," * @api public"," * @param {string} name"," * @return Messages"," */","","Messages.prototype.action = function (name) {","  if (typeof name === 'string' && this.actions().indexOf(name) < 0) {","    debug('add action %s', name);","    this.actions().push(name)","    this.emit('action', name);","  }","  return this;","};","","/**"," * initializes the actions we have set so fare"," *"," * @api public"," * @return Array"," */","","Messages.prototype.actions = function () {","  if (!this._actions) {","    this._actions = [];","  }","  return this._actions;","};","","/**"," * Gets / Sets the state of auto propagation"," *"," * @api public"," * @return Boolean"," */","","Messages.prototype.autoPropagate = function (v) {","  debug('autoPropagate %s', v);","  if (typeof v === 'boolean') {","    this._autoPropagate = v;","    return this;","  }","  if (typeof this._autoPropagate !== 'boolean') {","    this.autoPropagate(false);","  }","  return this._autoPropagate;","};","",""],"l":{"1":1,"8":1,"14":1,"15":0,"17":0,"19":0,"21":0,"29":0,"31":0,"40":1,"41":0,"42":0,"43":0,"44":0,"45":0,"46":0,"51":0,"57":0,"58":0,"67":0,"68":0,"69":0,"70":0,"71":0,"72":0,"73":0,"86":0,"87":0,"88":0,"89":0,"90":0,"91":0,"92":0,"93":0,"96":0,"98":0,"99":0,"100":0,"101":0,"102":0,"104":0,"105":0,"106":0,"107":0,"108":0,"110":0,"111":0,"112":0,"123":0,"124":0,"125":0,"126":0,"135":0,"136":0,"137":0,"139":0,"140":0,"143":0,"144":0,"146":0,"147":0,"152":0,"155":1,"162":1,"163":0,"164":0,"175":1,"176":0,"177":0,"178":0,"179":0,"190":1,"191":0,"192":0,"193":0,"195":0,"196":0,"215":1,"216":0,"217":0,"218":0,"219":0,"220":0,"221":0,"222":0,"226":0,"228":0,"229":0,"230":0,"232":0,"233":0,"236":0,"237":0,"238":0,"239":0,"240":0,"241":0,"245":0,"248":0,"268":1,"269":0,"270":0,"271":0,"272":0,"273":0,"274":0,"275":0,"279":0,"281":0,"282":0,"283":0,"285":0,"286":0,"289":0,"290":0,"291":0,"292":0,"293":0,"294":0,"295":0,"298":0,"303":0,"306":0,"317":1,"318":0,"319":0,"320":0,"321":0,"323":0,"333":1,"334":0,"335":0,"337":0,"347":1,"348":0,"349":0,"350":0,"351":0,"353":0,"354":0,"356":0}}}